{"/home/travis/build/npmtest/node-npmtest-light-orm/test.js":{"path":"/home/travis/build/npmtest/node-npmtest-light-orm/test.js","s":{"1":2,"2":2,"3":2,"4":2,"5":2,"6":2,"7":2,"8":1,"9":2,"10":2,"11":1,"12":1,"13":1,"14":1,"15":2,"16":2,"17":2,"18":2,"19":1,"20":1,"21":2,"22":2,"23":2,"24":1,"25":1,"26":1,"27":1,"28":1,"29":1,"30":1,"31":1,"32":1,"33":1,"34":1,"35":1,"36":1,"37":1,"38":1,"39":2,"40":2,"41":1,"42":2,"43":2,"44":1,"45":2,"46":2,"47":1,"48":2,"49":2,"50":1,"51":1,"52":1,"53":1,"54":1},"b":{"1":[2,1,1,1],"2":[1,1,1,1],"3":[1,1],"4":[1,1],"5":[1,1],"6":[1,1],"7":[1,1],"8":[1,1],"9":[1,1],"10":[1,1,1],"11":[1,1],"12":[1,1],"13":[1,1],"14":[1,1],"15":[1,1],"16":[1,1],"17":[1,1]},"f":{"1":2,"2":2,"3":2,"4":2,"5":2,"6":1,"7":1,"8":1,"9":2,"10":2,"11":2,"12":2,"13":1},"fnMap":{"1":{"name":"(anonymous_1)","line":12,"loc":{"start":{"line":12,"column":1},"end":{"line":12,"column":13}}},"2":{"name":"(anonymous_2)","line":19,"loc":{"start":{"line":19,"column":5},"end":{"line":19,"column":17}}},"3":{"name":"(anonymous_3)","line":23,"loc":{"start":{"line":23,"column":24},"end":{"line":23,"column":36}}},"4":{"name":"(anonymous_4)","line":61,"loc":{"start":{"line":61,"column":5},"end":{"line":61,"column":17}}},"5":{"name":"(anonymous_5)","line":82,"loc":{"start":{"line":82,"column":5},"end":{"line":82,"column":17}}},"6":{"name":"(anonymous_6)","line":91,"loc":{"start":{"line":91,"column":77},"end":{"line":94,"column":10}}},"7":{"name":"(anonymous_7)","line":112,"loc":{"start":{"line":112,"column":83},"end":{"line":115,"column":10}},"skip":true},"8":{"name":"(anonymous_8)","line":123,"loc":{"start":{"line":123,"column":77},"end":{"line":126,"column":10}},"skip":true},"9":{"name":"(anonymous_9)","line":139,"loc":{"start":{"line":139,"column":12},"end":{"line":139,"column":40}},"skip":true},"10":{"name":"(anonymous_10)","line":147,"loc":{"start":{"line":147,"column":77},"end":{"line":150,"column":10}},"skip":true},"11":{"name":"(anonymous_11)","line":158,"loc":{"start":{"line":158,"column":83},"end":{"line":161,"column":10}},"skip":true},"12":{"name":"(anonymous_12)","line":169,"loc":{"start":{"line":169,"column":79},"end":{"line":172,"column":10}},"skip":true},"13":{"name":"(anonymous_13)","line":180,"loc":{"start":{"line":180,"column":75},"end":{"line":183,"column":10}},"skip":true}},"statementMap":{"1":{"start":{"line":12,"column":0},"end":{"line":195,"column":5}},"2":{"start":{"line":14,"column":4},"end":{"line":14,"column":14}},"3":{"start":{"line":19,"column":4},"end":{"line":56,"column":9}},"4":{"start":{"line":21,"column":8},"end":{"line":21,"column":19}},"5":{"start":{"line":23,"column":8},"end":{"line":35,"column":13}},"6":{"start":{"line":24,"column":12},"end":{"line":34,"column":13}},"7":{"start":{"line":25,"column":16},"end":{"line":28,"column":30}},"8":{"start":{"line":30,"column":16},"end":{"line":33,"column":27}},"9":{"start":{"line":37,"column":8},"end":{"line":39,"column":21}},"10":{"start":{"line":40,"column":8},"end":{"line":53,"column":9}},"11":{"start":{"line":43,"column":12},"end":{"line":46,"column":14}},"12":{"start":{"line":47,"column":12},"end":{"line":47,"column":18}},"13":{"start":{"line":50,"column":12},"end":{"line":51,"column":33}},"14":{"start":{"line":52,"column":12},"end":{"line":52,"column":18}},"15":{"start":{"line":55,"column":8},"end":{"line":55,"column":35}},"16":{"start":{"line":61,"column":4},"end":{"line":63,"column":9}},"17":{"start":{"line":62,"column":8},"end":{"line":62,"column":15}},"18":{"start":{"line":64,"column":4},"end":{"line":77,"column":5}},"19":{"start":{"line":70,"column":8},"end":{"line":70,"column":14}},"20":{"start":{"line":76,"column":8},"end":{"line":76,"column":14}},"21":{"start":{"line":82,"column":4},"end":{"line":84,"column":9}},"22":{"start":{"line":83,"column":8},"end":{"line":83,"column":15}},"23":{"start":{"line":85,"column":4},"end":{"line":194,"column":5}},"24":{"start":{"line":91,"column":8},"end":{"line":99,"column":10}},"25":{"start":{"line":98,"column":12},"end":{"line":98,"column":35}},"26":{"start":{"line":102,"column":8},"end":{"line":104,"column":63}},"27":{"start":{"line":105,"column":8},"end":{"line":105,"column":14}},"28":{"start":{"line":112,"column":8},"end":{"line":121,"column":10},"skip":true},"29":{"start":{"line":119,"column":12},"end":{"line":119,"column":55},"skip":true},"30":{"start":{"line":120,"column":12},"end":{"line":120,"column":48},"skip":true},"31":{"start":{"line":123,"column":8},"end":{"line":136,"column":10},"skip":true},"32":{"start":{"line":130,"column":12},"end":{"line":130,"column":76},"skip":true},"33":{"start":{"line":131,"column":12},"end":{"line":131,"column":73},"skip":true},"34":{"start":{"line":132,"column":12},"end":{"line":132,"column":74},"skip":true},"35":{"start":{"line":133,"column":12},"end":{"line":133,"column":79},"skip":true},"36":{"start":{"line":134,"column":12},"end":{"line":134,"column":25},"skip":true},"37":{"start":{"line":135,"column":12},"end":{"line":135,"column":45},"skip":true},"38":{"start":{"line":138,"column":8},"end":{"line":145,"column":14},"skip":true},"39":{"start":{"line":143,"column":16},"end":{"line":143,"column":29},"skip":true},"40":{"start":{"line":144,"column":16},"end":{"line":144,"column":55},"skip":true},"41":{"start":{"line":147,"column":8},"end":{"line":156,"column":10},"skip":true},"42":{"start":{"line":154,"column":12},"end":{"line":154,"column":25},"skip":true},"43":{"start":{"line":155,"column":12},"end":{"line":155,"column":45},"skip":true},"44":{"start":{"line":158,"column":8},"end":{"line":167,"column":10},"skip":true},"45":{"start":{"line":165,"column":12},"end":{"line":165,"column":25},"skip":true},"46":{"start":{"line":166,"column":12},"end":{"line":166,"column":48},"skip":true},"47":{"start":{"line":169,"column":8},"end":{"line":178,"column":10},"skip":true},"48":{"start":{"line":176,"column":12},"end":{"line":176,"column":25},"skip":true},"49":{"start":{"line":177,"column":12},"end":{"line":177,"column":46},"skip":true},"50":{"start":{"line":180,"column":8},"end":{"line":189,"column":10},"skip":true},"51":{"start":{"line":187,"column":12},"end":{"line":187,"column":94},"skip":true},"52":{"start":{"line":188,"column":12},"end":{"line":188,"column":48},"skip":true},"53":{"start":{"line":192,"column":8},"end":{"line":192,"column":35},"skip":true},"54":{"start":{"line":193,"column":8},"end":{"line":193,"column":14},"skip":true}},"branchMap":{"1":{"line":25,"type":"binary-expr","locations":[{"start":{"line":25,"column":23},"end":{"line":25,"column":62}},{"start":{"line":26,"column":20},"end":{"line":26,"column":70}},{"start":{"line":27,"column":20},"end":{"line":27,"column":71}},{"start":{"line":28,"column":20},"end":{"line":28,"column":29}}]},"2":{"line":30,"type":"binary-expr","locations":[{"start":{"line":30,"column":23},"end":{"line":30,"column":37}},{"start":{"line":31,"column":20},"end":{"line":31,"column":61}},{"start":{"line":32,"column":20},"end":{"line":32,"column":70}},{"start":{"line":33,"column":20},"end":{"line":33,"column":26}}]},"3":{"line":37,"type":"cond-expr","locations":[{"start":{"line":38,"column":14},"end":{"line":38,"column":20}},{"start":{"line":39,"column":14},"end":{"line":39,"column":20}}]},"4":{"line":40,"type":"switch","locations":[{"start":{"line":42,"column":8},"end":{"line":47,"column":18}},{"start":{"line":49,"column":8},"end":{"line":52,"column":18}}]},"5":{"line":44,"type":"binary-expr","locations":[{"start":{"line":44,"column":16},"end":{"line":44,"column":44}},{"start":{"line":44,"column":48},"end":{"line":44,"column":66}}]},"6":{"line":50,"type":"binary-expr","locations":[{"start":{"line":50,"column":21},"end":{"line":50,"column":49}},{"start":{"line":50,"column":53},"end":{"line":50,"column":72}}]},"7":{"line":64,"type":"switch","locations":[{"start":{"line":69,"column":4},"end":{"line":70,"column":14}},{"start":{"line":75,"column":4},"end":{"line":76,"column":14}}]},"8":{"line":85,"type":"switch","locations":[{"start":{"line":90,"column":4},"end":{"line":105,"column":14}},{"start":{"line":111,"column":4},"end":{"line":193,"column":14},"skip":true}]},"9":{"line":91,"type":"binary-expr","locations":[{"start":{"line":91,"column":42},"end":{"line":91,"column":73}},{"start":{"line":91,"column":77},"end":{"line":99,"column":9}}]},"10":{"line":102,"type":"binary-expr","locations":[{"start":{"line":102,"column":18},"end":{"line":102,"column":32}},{"start":{"line":103,"column":12},"end":{"line":103,"column":53}},{"start":{"line":104,"column":12},"end":{"line":104,"column":61}}]},"11":{"line":112,"type":"binary-expr","locations":[{"start":{"line":112,"column":45},"end":{"line":112,"column":79},"skip":true},{"start":{"line":112,"column":83},"end":{"line":121,"column":9},"skip":true}]},"12":{"line":123,"type":"binary-expr","locations":[{"start":{"line":123,"column":42},"end":{"line":123,"column":73},"skip":true},{"start":{"line":123,"column":77},"end":{"line":136,"column":9},"skip":true}]},"13":{"line":138,"type":"binary-expr","locations":[{"start":{"line":138,"column":48},"end":{"line":138,"column":85},"skip":true},{"start":{"line":139,"column":12},"end":{"line":145,"column":13},"skip":true}]},"14":{"line":147,"type":"binary-expr","locations":[{"start":{"line":147,"column":42},"end":{"line":147,"column":73},"skip":true},{"start":{"line":147,"column":77},"end":{"line":156,"column":9},"skip":true}]},"15":{"line":158,"type":"binary-expr","locations":[{"start":{"line":158,"column":45},"end":{"line":158,"column":79},"skip":true},{"start":{"line":158,"column":83},"end":{"line":167,"column":9},"skip":true}]},"16":{"line":169,"type":"binary-expr","locations":[{"start":{"line":169,"column":43},"end":{"line":169,"column":75},"skip":true},{"start":{"line":169,"column":79},"end":{"line":178,"column":9},"skip":true}]},"17":{"line":180,"type":"binary-expr","locations":[{"start":{"line":180,"column":41},"end":{"line":180,"column":71},"skip":true},{"start":{"line":180,"column":75},"end":{"line":189,"column":9},"skip":true}]}},"code":["/* istanbul instrument in package npmtest_light_orm */","/*jslint","    bitwise: true,","    browser: true,","    maxerr: 8,","    maxlen: 96,","    node: true,","    nomen: true,","    regexp: true,","    stupid: true","*/","(function () {","    'use strict';","    var local;","","","","    // run shared js-env code - pre-init","    (function () {","        // init local","        local = {};","        // init modeJs","        local.modeJs = (function () {","            try {","                return typeof navigator.userAgent === 'string' &&","                    typeof document.querySelector('body') === 'object' &&","                    typeof XMLHttpRequest.prototype.open === 'function' &&","                    'browser';","            } catch (errorCaughtBrowser) {","                return module.exports &&","                    typeof process.versions.node === 'string' &&","                    typeof require('http').createServer === 'function' &&","                    'node';","            }","        }());","        // init global","        local.global = local.modeJs === 'browser'","            ? window","            : global;","        switch (local.modeJs) {","        // re-init local from window.local","        case 'browser':","            local = local.global.utility2.objectSetDefault(","                local.global.utility2_rollup || local.global.local,","                local.global.utility2","            );","            break;","        // re-init local from example.js","        case 'node':","            local = (local.global.utility2_rollup || require('utility2'))","                .requireReadme();","            break;","        }","        // export local","        local.global.local = local;","    }());","","","","    // run shared js-env code - function","    (function () {","        return;","    }());","    switch (local.modeJs) {","","","","    // run browser js-env code - function","    case 'browser':","        break;","","","","    // run node js-env code - function","    case 'node':","        break;","    }","","","","    // run shared js-env code - post-init","    (function () {","        return;","    }());","    switch (local.modeJs) {","","","","    // run browser js-env code - post-init","    case 'browser':","        local.testCase_browser_nullCase = local.testCase_browser_nullCase || function (","            options,","            onError","        ) {","        /*","         * this function will test browsers's null-case handling-behavior-behavior","         */","            onError(null, options);","        };","","        // run tests","        local.nop(local.modeTest &&","            document.querySelector('#testRunButton1') &&","            document.querySelector('#testRunButton1').click());","        break;","","","","    // run node js-env code - post-init","    /* istanbul ignore next */","    case 'node':","        local.testCase_buildApidoc_default = local.testCase_buildApidoc_default || function (","            options,","            onError","        ) {","        /*","         * this function will test buildApidoc's default handling-behavior-behavior","         */","            options = { modulePathList: module.paths };","            local.buildApidoc(options, onError);","        };","","        local.testCase_buildApp_default = local.testCase_buildApp_default || function (","            options,","            onError","        ) {","        /*","         * this function will test buildApp's default handling-behavior-behavior","         */","            local.testCase_buildReadme_default(options, local.onErrorThrow);","            local.testCase_buildLib_default(options, local.onErrorThrow);","            local.testCase_buildTest_default(options, local.onErrorThrow);","            local.testCase_buildCustomOrg_default(options, local.onErrorThrow);","            options = [];","            local.buildApp(options, onError);","        };","","        local.testCase_buildCustomOrg_default = local.testCase_buildCustomOrg_default ||","            function (options, onError) {","            /*","             * this function will test buildCustomOrg's default handling-behavior","             */","                options = {};","                local.buildCustomOrg(options, onError);","            };","","        local.testCase_buildLib_default = local.testCase_buildLib_default || function (","            options,","            onError","        ) {","        /*","         * this function will test buildLib's default handling-behavior","         */","            options = {};","            local.buildLib(options, onError);","        };","","        local.testCase_buildReadme_default = local.testCase_buildReadme_default || function (","            options,","            onError","        ) {","        /*","         * this function will test buildReadme's default handling-behavior-behavior","         */","            options = {};","            local.buildReadme(options, onError);","        };","","        local.testCase_buildTest_default = local.testCase_buildTest_default || function (","            options,","            onError","        ) {","        /*","         * this function will test buildTest's default handling-behavior","         */","            options = {};","            local.buildTest(options, onError);","        };","","        local.testCase_webpage_default = local.testCase_webpage_default || function (","            options,","            onError","        ) {","        /*","         * this function will test webpage's default handling-behavior","         */","            options = { modeCoverageMerge: true, url: local.serverLocalHost + '?modeTest=1' };","            local.browserTest(options, onError);","        };","","        // run test-server","        local.testRunServer(local);","        break;","    }","}());",""],"l":{"12":2,"14":2,"19":2,"21":2,"23":2,"24":2,"25":2,"30":1,"37":2,"40":2,"43":1,"47":1,"50":1,"52":1,"55":2,"61":2,"62":2,"64":2,"70":1,"76":1,"82":2,"83":2,"85":2,"91":1,"98":1,"102":1,"105":1,"112":1,"119":1,"120":1,"123":1,"130":1,"131":1,"132":1,"133":1,"134":1,"135":1,"138":1,"143":2,"144":2,"147":1,"154":2,"155":2,"158":1,"165":2,"166":2,"169":1,"176":2,"177":2,"180":1,"187":1,"188":1,"192":1,"193":1}},"/home/travis/build/npmtest/node-npmtest-light-orm/lib.npmtest_light_orm.js":{"path":"/home/travis/build/npmtest/node-npmtest-light-orm/lib.npmtest_light_orm.js","s":{"1":2,"2":2,"3":2,"4":2,"5":2,"6":2,"7":2,"8":1,"9":2,"10":2,"11":2,"12":2,"13":1,"14":1,"15":1,"16":1},"b":{"1":[2,1,1,1],"2":[1,1,1,1],"3":[1,1],"4":[2,2],"5":[1,1]},"f":{"1":2,"2":2,"3":2},"fnMap":{"1":{"name":"(anonymous_1)","line":12,"loc":{"start":{"line":12,"column":1},"end":{"line":12,"column":13}}},"2":{"name":"(anonymous_2)","line":19,"loc":{"start":{"line":19,"column":5},"end":{"line":19,"column":17}}},"3":{"name":"(anonymous_3)","line":23,"loc":{"start":{"line":23,"column":24},"end":{"line":23,"column":36}}}},"statementMap":{"1":{"start":{"line":12,"column":0},"end":{"line":53,"column":5}},"2":{"start":{"line":14,"column":4},"end":{"line":14,"column":14}},"3":{"start":{"line":19,"column":4},"end":{"line":52,"column":9}},"4":{"start":{"line":21,"column":8},"end":{"line":21,"column":19}},"5":{"start":{"line":23,"column":8},"end":{"line":35,"column":13}},"6":{"start":{"line":24,"column":12},"end":{"line":34,"column":13}},"7":{"start":{"line":25,"column":16},"end":{"line":28,"column":30}},"8":{"start":{"line":30,"column":16},"end":{"line":33,"column":27}},"9":{"start":{"line":37,"column":8},"end":{"line":39,"column":21}},"10":{"start":{"line":41,"column":8},"end":{"line":41,"column":54}},"11":{"start":{"line":43,"column":8},"end":{"line":43,"column":54}},"12":{"start":{"line":45,"column":8},"end":{"line":51,"column":9}},"13":{"start":{"line":46,"column":12},"end":{"line":46,"column":60}},"14":{"start":{"line":48,"column":12},"end":{"line":48,"column":35}},"15":{"start":{"line":49,"column":12},"end":{"line":49,"column":49}},"16":{"start":{"line":50,"column":12},"end":{"line":50,"column":43}}},"branchMap":{"1":{"line":25,"type":"binary-expr","locations":[{"start":{"line":25,"column":23},"end":{"line":25,"column":62}},{"start":{"line":26,"column":20},"end":{"line":26,"column":70}},{"start":{"line":27,"column":20},"end":{"line":27,"column":71}},{"start":{"line":28,"column":20},"end":{"line":28,"column":29}}]},"2":{"line":30,"type":"binary-expr","locations":[{"start":{"line":30,"column":23},"end":{"line":30,"column":37}},{"start":{"line":31,"column":20},"end":{"line":31,"column":61}},{"start":{"line":32,"column":20},"end":{"line":32,"column":70}},{"start":{"line":33,"column":20},"end":{"line":33,"column":26}}]},"3":{"line":37,"type":"cond-expr","locations":[{"start":{"line":38,"column":14},"end":{"line":38,"column":20}},{"start":{"line":39,"column":14},"end":{"line":39,"column":20}}]},"4":{"line":41,"type":"binary-expr","locations":[{"start":{"line":41,"column":16},"end":{"line":41,"column":44}},{"start":{"line":41,"column":48},"end":{"line":41,"column":53}}]},"5":{"line":45,"type":"if","locations":[{"start":{"line":45,"column":8},"end":{"line":45,"column":8}},{"start":{"line":45,"column":8},"end":{"line":45,"column":8}}]}},"code":["/* istanbul instrument in package npmtest_light_orm */","/*jslint","    bitwise: true,","    browser: true,","    maxerr: 8,","    maxlen: 96,","    node: true,","    nomen: true,","    regexp: true,","    stupid: true","*/","(function () {","    'use strict';","    var local;","","","","    // run shared js-env code - pre-init","    (function () {","        // init local","        local = {};","        // init modeJs","        local.modeJs = (function () {","            try {","                return typeof navigator.userAgent === 'string' &&","                    typeof document.querySelector('body') === 'object' &&","                    typeof XMLHttpRequest.prototype.open === 'function' &&","                    'browser';","            } catch (errorCaughtBrowser) {","                return module.exports &&","                    typeof process.versions.node === 'string' &&","                    typeof require('http').createServer === 'function' &&","                    'node';","            }","        }());","        // init global","        local.global = local.modeJs === 'browser'","            ? window","            : global;","        // init utility2_rollup","        local = local.global.utility2_rollup || local;","        // init lib","        local.local = local.npmtest_light_orm = local;","        // init exports","        if (local.modeJs === 'browser') {","            local.global.utility2_npmtest_light_orm = local;","        } else {","            module.exports = local;","            module.exports.__dirname = __dirname;","            module.exports.module = module;","        }","    }());","}());",""],"l":{"12":2,"14":2,"19":2,"21":2,"23":2,"24":2,"25":2,"30":1,"37":2,"41":2,"43":2,"45":2,"46":1,"48":1,"49":1,"50":1}},"/home/travis/build/npmtest/node-npmtest-light-orm/example.js":{"path":"/home/travis/build/npmtest/node-npmtest-light-orm/example.js","s":{"1":2,"2":2,"3":2,"4":2,"5":2,"6":2,"7":2,"8":1,"9":2,"10":2,"11":2,"12":2,"13":1,"14":2,"15":2,"16":2,"17":2,"18":2,"19":0,"20":2,"21":1,"22":1,"23":1,"24":1,"25":1,"26":0,"27":0,"28":1,"29":1,"30":2,"31":0,"32":0,"33":0,"34":1,"35":2,"36":2,"37":3,"38":3,"39":3,"40":3,"41":0,"42":3,"43":3,"44":3,"45":1,"46":3,"47":1,"48":1,"49":1,"50":1,"51":1,"52":1,"53":1,"54":1,"55":1,"56":1,"57":0,"58":1,"59":6,"60":6,"61":1,"62":2,"63":0,"64":2,"65":1,"66":1,"67":0,"68":0,"69":0,"70":0,"71":0,"72":0,"73":0,"74":0,"75":0,"76":0,"77":0,"78":0,"79":0,"80":0,"81":0,"82":0,"83":0},"b":{"1":[2,1,1,1],"2":[1,1,1,1],"3":[1,1],"4":[2,2],"5":[1,1],"6":[1,1],"7":[2,0],"8":[2,1,1,1,1,1],"9":[0,2,0],"10":[1,1],"11":[2,1,1],"12":[1,0],"13":[0,2],"14":[2,0,0,0,0,0,0],"15":[0,3],"16":[3,0],"17":[1,1],"18":[0,1],"19":[1,2,0,2],"20":[1,0],"21":[1,1],"22":[0,0],"23":[0,0],"24":[0,0],"25":[0,0],"26":[0,0],"27":[0,0],"28":[0,0]},"f":{"1":2,"2":2,"3":2,"4":2,"5":2,"6":2,"7":3,"8":3,"9":3,"10":1,"11":6,"12":0},"fnMap":{"1":{"name":"(anonymous_1)","line":26,"loc":{"start":{"line":26,"column":1},"end":{"line":26,"column":13}}},"2":{"name":"(anonymous_2)","line":33,"loc":{"start":{"line":33,"column":5},"end":{"line":33,"column":17}}},"3":{"name":"(anonymous_3)","line":37,"loc":{"start":{"line":37,"column":24},"end":{"line":37,"column":36}}},"4":{"name":"(anonymous_4)","line":69,"loc":{"start":{"line":69,"column":31},"end":{"line":69,"column":48}},"skip":true},"5":{"name":"(anonymous_5)","line":78,"loc":{"start":{"line":78,"column":26},"end":{"line":78,"column":45}},"skip":true},"6":{"name":"(anonymous_6)","line":123,"loc":{"start":{"line":123,"column":33},"end":{"line":123,"column":48}},"skip":true},"7":{"name":"(anonymous_7)","line":125,"loc":{"start":{"line":125,"column":27},"end":{"line":125,"column":39}},"skip":true},"8":{"name":"(anonymous_8)","line":133,"loc":{"start":{"line":133,"column":59},"end":{"line":133,"column":74}},"skip":true},"9":{"name":"(anonymous_9)","line":143,"loc":{"start":{"line":143,"column":45},"end":{"line":143,"column":62}},"skip":true},"10":{"name":"(anonymous_10)","line":144,"loc":{"start":{"line":144,"column":73},"end":{"line":144,"column":92}},"skip":true},"11":{"name":"(anonymous_11)","line":272,"loc":{"start":{"line":272,"column":51},"end":{"line":272,"column":77}},"skip":true},"12":{"name":"(anonymous_12)","line":315,"loc":{"start":{"line":315,"column":32},"end":{"line":315,"column":61}},"skip":true}},"statementMap":{"1":{"start":{"line":26,"column":0},"end":{"line":326,"column":5}},"2":{"start":{"line":28,"column":4},"end":{"line":28,"column":14}},"3":{"start":{"line":33,"column":4},"end":{"line":60,"column":9}},"4":{"start":{"line":35,"column":8},"end":{"line":35,"column":19}},"5":{"start":{"line":37,"column":8},"end":{"line":49,"column":13}},"6":{"start":{"line":38,"column":12},"end":{"line":48,"column":13}},"7":{"start":{"line":39,"column":16},"end":{"line":42,"column":30}},"8":{"start":{"line":44,"column":16},"end":{"line":47,"column":27}},"9":{"start":{"line":51,"column":8},"end":{"line":53,"column":21}},"10":{"start":{"line":55,"column":8},"end":{"line":57,"column":45}},"11":{"start":{"line":59,"column":8},"end":{"line":59,"column":35}},"12":{"start":{"line":61,"column":4},"end":{"line":325,"column":5}},"13":{"start":{"line":69,"column":8},"end":{"line":121,"column":10},"skip":true},"14":{"start":{"line":70,"column":12},"end":{"line":88,"column":13},"skip":true},"15":{"start":{"line":76,"column":16},"end":{"line":87,"column":19},"skip":true},"16":{"start":{"line":79,"column":20},"end":{"line":86,"column":21},"skip":true},"17":{"start":{"line":82,"column":24},"end":{"line":82,"column":43},"skip":true},"18":{"start":{"line":83,"column":24},"end":{"line":83,"column":30},"skip":true},"19":{"start":{"line":85,"column":24},"end":{"line":85,"column":49},"skip":true},"20":{"start":{"line":89,"column":12},"end":{"line":107,"column":13},"skip":true},"21":{"start":{"line":92,"column":16},"end":{"line":102,"column":17},"skip":true},"22":{"start":{"line":93,"column":20},"end":{"line":93,"column":86},"skip":true},"23":{"start":{"line":94,"column":20},"end":{"line":95,"column":45},"skip":true},"24":{"start":{"line":96,"column":20},"end":{"line":96,"column":42},"skip":true},"25":{"start":{"line":97,"column":20},"end":{"line":97,"column":48},"skip":true},"26":{"start":{"line":100,"column":20},"end":{"line":100,"column":85},"skip":true},"27":{"start":{"line":101,"column":20},"end":{"line":101,"column":96},"skip":true},"28":{"start":{"line":103,"column":16},"end":{"line":103,"column":22},"skip":true},"29":{"start":{"line":106,"column":16},"end":{"line":106,"column":22},"skip":true},"30":{"start":{"line":108,"column":12},"end":{"line":120,"column":13},"skip":true},"31":{"start":{"line":114,"column":16},"end":{"line":119,"column":17},"skip":true},"32":{"start":{"line":116,"column":20},"end":{"line":116,"column":78},"skip":true},"33":{"start":{"line":118,"column":20},"end":{"line":118,"column":47},"skip":true},"34":{"start":{"line":123,"column":8},"end":{"line":141,"column":11},"skip":true},"35":{"start":{"line":124,"column":12},"end":{"line":124,"column":54},"skip":true},"36":{"start":{"line":125,"column":12},"end":{"line":140,"column":14},"skip":true},"37":{"start":{"line":126,"column":16},"end":{"line":126,"column":28},"skip":true},"38":{"start":{"line":127,"column":16},"end":{"line":127,"column":69},"skip":true},"39":{"start":{"line":128,"column":16},"end":{"line":128,"column":75},"skip":true},"40":{"start":{"line":129,"column":16},"end":{"line":131,"column":17},"skip":true},"41":{"start":{"line":130,"column":20},"end":{"line":130,"column":27},"skip":true},"42":{"start":{"line":133,"column":16},"end":{"line":137,"column":36},"skip":true},"43":{"start":{"line":134,"column":20},"end":{"line":136,"column":55},"skip":true},"44":{"start":{"line":139,"column":16},"end":{"line":139,"column":57},"skip":true},"45":{"start":{"line":143,"column":8},"end":{"line":147,"column":11},"skip":true},"46":{"start":{"line":144,"column":12},"end":{"line":146,"column":15},"skip":true},"47":{"start":{"line":145,"column":16},"end":{"line":145,"column":70},"skip":true},"48":{"start":{"line":149,"column":8},"end":{"line":149,"column":31},"skip":true},"49":{"start":{"line":150,"column":8},"end":{"line":150,"column":14},"skip":true},"50":{"start":{"line":158,"column":8},"end":{"line":158,"column":31},"skip":true},"51":{"start":{"line":160,"column":8},"end":{"line":160,"column":33},"skip":true},"52":{"start":{"line":161,"column":8},"end":{"line":161,"column":37},"skip":true},"53":{"start":{"line":162,"column":8},"end":{"line":162,"column":35},"skip":true},"54":{"start":{"line":164,"column":8},"end":{"line":164,"column":50},"skip":true},"55":{"start":{"line":166,"column":8},"end":{"line":256,"column":2},"skip":true},"56":{"start":{"line":258,"column":8},"end":{"line":286,"column":9},"skip":true},"57":{"start":{"line":259,"column":12},"end":{"line":269,"column":14},"skip":true},"58":{"start":{"line":271,"column":12},"end":{"line":285,"column":19},"skip":true},"59":{"start":{"line":274,"column":20},"end":{"line":274,"column":35},"skip":true},"60":{"start":{"line":275,"column":20},"end":{"line":284,"column":21},"skip":true},"61":{"start":{"line":277,"column":24},"end":{"line":277,"column":64},"skip":true},"62":{"start":{"line":279,"column":24},"end":{"line":279,"column":40},"skip":true},"63":{"start":{"line":281,"column":24},"end":{"line":281,"column":40},"skip":true},"64":{"start":{"line":283,"column":24},"end":{"line":283,"column":39},"skip":true},"65":{"start":{"line":288,"column":8},"end":{"line":290,"column":9},"skip":true},"66":{"start":{"line":289,"column":12},"end":{"line":289,"column":18},"skip":true},"67":{"start":{"line":291,"column":8},"end":{"line":293,"column":54},"skip":true},"68":{"start":{"line":296,"column":8},"end":{"line":301,"column":37},"skip":true},"69":{"start":{"line":303,"column":8},"end":{"line":303,"column":82},"skip":true},"70":{"start":{"line":306,"column":8},"end":{"line":308,"column":9},"skip":true},"71":{"start":{"line":307,"column":12},"end":{"line":307,"column":82},"skip":true},"72":{"start":{"line":310,"column":8},"end":{"line":312,"column":9},"skip":true},"73":{"start":{"line":311,"column":12},"end":{"line":311,"column":18},"skip":true},"74":{"start":{"line":313,"column":8},"end":{"line":313,"column":54},"skip":true},"75":{"start":{"line":314,"column":8},"end":{"line":314,"column":69},"skip":true},"76":{"start":{"line":315,"column":8},"end":{"line":323,"column":36},"skip":true},"77":{"start":{"line":316,"column":12},"end":{"line":316,"column":61},"skip":true},"78":{"start":{"line":317,"column":12},"end":{"line":320,"column":13},"skip":true},"79":{"start":{"line":318,"column":16},"end":{"line":318,"column":75},"skip":true},"80":{"start":{"line":319,"column":16},"end":{"line":319,"column":23},"skip":true},"81":{"start":{"line":321,"column":12},"end":{"line":321,"column":38},"skip":true},"82":{"start":{"line":322,"column":12},"end":{"line":322,"column":27},"skip":true},"83":{"start":{"line":324,"column":8},"end":{"line":324,"column":14},"skip":true}},"branchMap":{"1":{"line":39,"type":"binary-expr","locations":[{"start":{"line":39,"column":23},"end":{"line":39,"column":62}},{"start":{"line":40,"column":20},"end":{"line":40,"column":70}},{"start":{"line":41,"column":20},"end":{"line":41,"column":71}},{"start":{"line":42,"column":20},"end":{"line":42,"column":29}}]},"2":{"line":44,"type":"binary-expr","locations":[{"start":{"line":44,"column":23},"end":{"line":44,"column":37}},{"start":{"line":45,"column":20},"end":{"line":45,"column":61}},{"start":{"line":46,"column":20},"end":{"line":46,"column":70}},{"start":{"line":47,"column":20},"end":{"line":47,"column":26}}]},"3":{"line":51,"type":"cond-expr","locations":[{"start":{"line":52,"column":14},"end":{"line":52,"column":20}},{"start":{"line":53,"column":14},"end":{"line":53,"column":20}}]},"4":{"line":55,"type":"binary-expr","locations":[{"start":{"line":55,"column":16},"end":{"line":55,"column":44}},{"start":{"line":55,"column":49},"end":{"line":57,"column":43}}]},"5":{"line":55,"type":"cond-expr","locations":[{"start":{"line":56,"column":14},"end":{"line":56,"column":53}},{"start":{"line":57,"column":14},"end":{"line":57,"column":43}}]},"6":{"line":61,"type":"switch","locations":[{"start":{"line":68,"column":4},"end":{"line":150,"column":14},"skip":true},{"start":{"line":156,"column":4},"end":{"line":324,"column":14},"skip":true}]},"7":{"line":70,"type":"if","locations":[{"start":{"line":70,"column":12},"end":{"line":70,"column":12},"skip":true},{"start":{"line":70,"column":12},"end":{"line":70,"column":12},"skip":true}]},"8":{"line":70,"type":"binary-expr","locations":[{"start":{"line":70,"column":16},"end":{"line":70,"column":22},"skip":true},{"start":{"line":70,"column":27},"end":{"line":70,"column":32},"skip":true},{"start":{"line":71,"column":20},"end":{"line":71,"column":39},"skip":true},{"start":{"line":72,"column":20},"end":{"line":72,"column":49},"skip":true},{"start":{"line":73,"column":20},"end":{"line":73,"column":58},"skip":true},{"start":{"line":74,"column":20},"end":{"line":74,"column":69},"skip":true}]},"9":{"line":79,"type":"switch","locations":[{"start":{"line":80,"column":20},"end":{"line":80,"column":33},"skip":true},{"start":{"line":81,"column":20},"end":{"line":83,"column":30},"skip":true},{"start":{"line":84,"column":20},"end":{"line":85,"column":49},"skip":true}]},"10":{"line":89,"type":"switch","locations":[{"start":{"line":90,"column":12},"end":{"line":103,"column":22},"skip":true},{"start":{"line":105,"column":12},"end":{"line":106,"column":22},"skip":true}]},"11":{"line":89,"type":"binary-expr","locations":[{"start":{"line":89,"column":20},"end":{"line":89,"column":25},"skip":true},{"start":{"line":89,"column":29},"end":{"line":89,"column":48},"skip":true},{"start":{"line":89,"column":52},"end":{"line":89,"column":74},"skip":true}]},"12":{"line":92,"type":"if","locations":[{"start":{"line":92,"column":16},"end":{"line":92,"column":16},"skip":true},{"start":{"line":92,"column":16},"end":{"line":92,"column":16},"skip":true}]},"13":{"line":108,"type":"if","locations":[{"start":{"line":108,"column":12},"end":{"line":108,"column":12},"skip":true},{"start":{"line":108,"column":12},"end":{"line":108,"column":12},"skip":true}]},"14":{"line":108,"type":"binary-expr","locations":[{"start":{"line":108,"column":16},"end":{"line":108,"column":61},"skip":true},{"start":{"line":108,"column":66},"end":{"line":108,"column":72},"skip":true},{"start":{"line":108,"column":77},"end":{"line":108,"column":82},"skip":true},{"start":{"line":109,"column":20},"end":{"line":109,"column":39},"skip":true},{"start":{"line":110,"column":20},"end":{"line":110,"column":49},"skip":true},{"start":{"line":111,"column":20},"end":{"line":111,"column":58},"skip":true},{"start":{"line":112,"column":20},"end":{"line":112,"column":68},"skip":true}]},"15":{"line":129,"type":"if","locations":[{"start":{"line":129,"column":16},"end":{"line":129,"column":16},"skip":true},{"start":{"line":129,"column":16},"end":{"line":129,"column":16},"skip":true}]},"16":{"line":134,"type":"cond-expr","locations":[{"start":{"line":135,"column":26},"end":{"line":135,"column":29},"skip":true},{"start":{"line":136,"column":26},"end":{"line":136,"column":54},"skip":true}]},"17":{"line":164,"type":"binary-expr","locations":[{"start":{"line":164,"column":27},"end":{"line":164,"column":43},"skip":true},{"start":{"line":164,"column":47},"end":{"line":164,"column":49},"skip":true}]},"18":{"line":258,"type":"if","locations":[{"start":{"line":258,"column":8},"end":{"line":258,"column":8},"skip":true},{"start":{"line":258,"column":8},"end":{"line":258,"column":8},"skip":true}]},"19":{"line":275,"type":"switch","locations":[{"start":{"line":276,"column":20},"end":{"line":277,"column":64},"skip":true},{"start":{"line":278,"column":20},"end":{"line":279,"column":40},"skip":true},{"start":{"line":280,"column":20},"end":{"line":281,"column":40},"skip":true},{"start":{"line":282,"column":20},"end":{"line":283,"column":39},"skip":true}]},"20":{"line":288,"type":"if","locations":[{"start":{"line":288,"column":8},"end":{"line":288,"column":8},"skip":true},{"start":{"line":288,"column":8},"end":{"line":288,"column":8},"skip":true}]},"21":{"line":288,"type":"binary-expr","locations":[{"start":{"line":288,"column":12},"end":{"line":288,"column":40},"skip":true},{"start":{"line":288,"column":44},"end":{"line":288,"column":67},"skip":true}]},"22":{"line":292,"type":"binary-expr","locations":[{"start":{"line":292,"column":12},"end":{"line":292,"column":50},"skip":true},{"start":{"line":293,"column":12},"end":{"line":293,"column":53},"skip":true}]},"23":{"line":297,"type":"binary-expr","locations":[{"start":{"line":297,"column":12},"end":{"line":297,"column":67},"skip":true},{"start":{"line":298,"column":12},"end":{"line":301,"column":36},"skip":true}]},"24":{"line":303,"type":"binary-expr","locations":[{"start":{"line":303,"column":43},"end":{"line":303,"column":75},"skip":true},{"start":{"line":303,"column":79},"end":{"line":303,"column":81},"skip":true}]},"25":{"line":306,"type":"if","locations":[{"start":{"line":306,"column":8},"end":{"line":306,"column":8},"skip":true},{"start":{"line":306,"column":8},"end":{"line":306,"column":8},"skip":true}]},"26":{"line":310,"type":"if","locations":[{"start":{"line":310,"column":8},"end":{"line":310,"column":8},"skip":true},{"start":{"line":310,"column":8},"end":{"line":310,"column":8},"skip":true}]},"27":{"line":313,"type":"binary-expr","locations":[{"start":{"line":313,"column":27},"end":{"line":313,"column":43},"skip":true},{"start":{"line":313,"column":47},"end":{"line":313,"column":53},"skip":true}]},"28":{"line":317,"type":"if","locations":[{"start":{"line":317,"column":12},"end":{"line":317,"column":12},"skip":true},{"start":{"line":317,"column":12},"end":{"line":317,"column":12},"skip":true}]}},"code":["/*","example.js","","quickstart example","","instruction","    1. save this script as example.js","    2. run the shell command:","        $ npm install npmtest-light-orm && PORT=8081 node example.js","    3. play with the browser-demo on http://127.0.0.1:8081","*/","","","","/* istanbul instrument in package npmtest_light_orm */","/*jslint","    bitwise: true,","    browser: true,","    maxerr: 8,","    maxlen: 96,","    node: true,","    nomen: true,","    regexp: true,","    stupid: true","*/","(function () {","    'use strict';","    var local;","","","","    // run shared js-env code - pre-init","    (function () {","        // init local","        local = {};","        // init modeJs","        local.modeJs = (function () {","            try {","                return typeof navigator.userAgent === 'string' &&","                    typeof document.querySelector('body') === 'object' &&","                    typeof XMLHttpRequest.prototype.open === 'function' &&","                    'browser';","            } catch (errorCaughtBrowser) {","                return module.exports &&","                    typeof process.versions.node === 'string' &&","                    typeof require('http').createServer === 'function' &&","                    'node';","            }","        }());","        // init global","        local.global = local.modeJs === 'browser'","            ? window","            : global;","        // init utility2_rollup","        local = local.global.utility2_rollup || (local.modeJs === 'browser'","            ? local.global.utility2_npmtest_light_orm","            : global.utility2_moduleExports);","        // export local","        local.global.local = local;","    }());","    switch (local.modeJs) {","","","","    // post-init","    // run browser js-env code - post-init","    /* istanbul ignore next */","    case 'browser':","        local.testRunBrowser = function (event) {","            if (!event || (event &&","                    event.currentTarget &&","                    event.currentTarget.className &&","                    event.currentTarget.className.includes &&","                    event.currentTarget.className.includes('onreset'))) {","                // reset output","                Array.from(","                    document.querySelectorAll('body > .resettable')","                ).forEach(function (element) {","                    switch (element.tagName) {","                    case 'INPUT':","                    case 'TEXTAREA':","                        element.value = '';","                        break;","                    default:","                        element.textContent = '';","                    }","                });","            }","            switch (event && event.currentTarget && event.currentTarget.id) {","            case 'testRunButton1':","                // show tests","                if (document.querySelector('#testReportDiv1').style.display === 'none') {","                    document.querySelector('#testReportDiv1').style.display = 'block';","                    document.querySelector('#testRunButton1').textContent =","                        'hide internal test';","                    local.modeTest = true;","                    local.testRunDefault(local);","                // hide tests","                } else {","                    document.querySelector('#testReportDiv1').style.display = 'none';","                    document.querySelector('#testRunButton1').textContent = 'run internal test';","                }","                break;","            // custom-case","            default:","                break;","            }","            if (document.querySelector('#inputTextareaEval1') && (!event || (event &&","                    event.currentTarget &&","                    event.currentTarget.className &&","                    event.currentTarget.className.includes &&","                    event.currentTarget.className.includes('oneval')))) {","                // try to eval input-code","                try {","                    /*jslint evil: true*/","                    eval(document.querySelector('#inputTextareaEval1').value);","                } catch (errorCaught) {","                    console.error(errorCaught);","                }","            }","        };","        // log stderr and stdout to #outputTextareaStdout1","        ['error', 'log'].forEach(function (key) {","            console[key + '_original'] = console[key];","            console[key] = function () {","                var element;","                console[key + '_original'].apply(console, arguments);","                element = document.querySelector('#outputTextareaStdout1');","                if (!element) {","                    return;","                }","                // append text to #outputTextareaStdout1","                element.value += Array.from(arguments).map(function (arg) {","                    return typeof arg === 'string'","                        ? arg","                        : JSON.stringify(arg, null, 4);","                }).join(' ') + '\\n';","                // scroll textarea to bottom","                element.scrollTop = element.scrollHeight;","            };","        });","        // init event-handling","        ['change', 'click', 'keyup'].forEach(function (event) {","            Array.from(document.querySelectorAll('.on' + event)).forEach(function (element) {","                element.addEventListener(event, local.testRunBrowser);","            });","        });","        // run tests","        local.testRunBrowser();","        break;","","","","    // run node js-env code - post-init","    /* istanbul ignore next */","    case 'node':","        // export local","        module.exports = local;","        // require modules","        local.fs = require('fs');","        local.http = require('http');","        local.url = require('url');","        // init assets","        local.assetsDict = local.assetsDict || {};","        /* jslint-ignore-begin */","        local.assetsDict['/assets.index.template.html'] = '\\","<!doctype html>\\n\\","<html lang=\"en\">\\n\\","<head>\\n\\","<meta charset=\"UTF-8\">\\n\\","<meta name=\"viewport\" content=\"width=device-width, initial-scale=1\">\\n\\","<title>{{env.npm_package_name}} (v{{env.npm_package_version}})</title>\\n\\","<style>\\n\\","/*csslint\\n\\","    box-sizing: false,\\n\\","    universal-selector: false\\n\\","*/\\n\\","* {\\n\\","    box-sizing: border-box;\\n\\","}\\n\\","body {\\n\\","    background: #dde;\\n\\","    font-family: Arial, Helvetica, sans-serif;\\n\\","    margin: 2rem;\\n\\","}\\n\\","body > * {\\n\\","    margin-bottom: 1rem;\\n\\","}\\n\\",".utility2FooterDiv {\\n\\","    margin-top: 20px;\\n\\","    text-align: center;\\n\\","}\\n\\","</style>\\n\\","<style>\\n\\","/*csslint\\n\\","*/\\n\\","textarea {\\n\\","    font-family: monospace;\\n\\","    height: 10rem;\\n\\","    width: 100%;\\n\\","}\\n\\","textarea[readonly] {\\n\\","    background: #ddd;\\n\\","}\\n\\","</style>\\n\\","</head>\\n\\","<body>\\n\\","<!-- utility2-comment\\n\\","<div id=\"ajaxProgressDiv1\" style=\"background: #d00; height: 2px; left: 0; margin: 0; padding: 0; position: fixed; top: 0; transition: background 0.5s, width 1.5s; width: 25%;\"></div>\\n\\","utility2-comment -->\\n\\","<h1>\\n\\","<!-- utility2-comment\\n\\","    <a\\n\\","        {{#if env.npm_package_homepage}}\\n\\","        href=\"{{env.npm_package_homepage}}\"\\n\\","        {{/if env.npm_package_homepage}}\\n\\","        target=\"_blank\"\\n\\","    >\\n\\","utility2-comment -->\\n\\","        {{env.npm_package_name}} (v{{env.npm_package_version}})\\n\\","<!-- utility2-comment\\n\\","    </a>\\n\\","utility2-comment -->\\n\\","</h1>\\n\\","<h3>{{env.npm_package_description}}</h3>\\n\\","<!-- utility2-comment\\n\\","<h4><a download href=\"assets.app.js\">download standalone app</a></h4>\\n\\","<button class=\"onclick onreset\" id=\"testRunButton1\">run internal test</button><br>\\n\\","<div id=\"testReportDiv1\" style=\"display: none;\"></div>\\n\\","utility2-comment -->\\n\\","\\n\\","\\n\\","\\n\\","<label>stderr and stdout</label>\\n\\","<textarea class=\"resettable\" id=\"outputTextareaStdout1\" readonly></textarea>\\n\\","<!-- utility2-comment\\n\\","{{#if isRollup}}\\n\\","<script src=\"assets.app.js\"></script>\\n\\","{{#unless isRollup}}\\n\\","utility2-comment -->\\n\\","<script src=\"assets.utility2.rollup.js\"></script>\\n\\","<script src=\"jsonp.utility2._stateInit?callback=window.utility2._stateInit\"></script>\\n\\","<script src=\"assets.npmtest_light_orm.rollup.js\"></script>\\n\\","<script src=\"assets.example.js\"></script>\\n\\","<script src=\"assets.test.js\"></script>\\n\\","<!-- utility2-comment\\n\\","{{/if isRollup}}\\n\\","utility2-comment -->\\n\\","<div class=\"utility2FooterDiv\">\\n\\","    [ this app was created with\\n\\","    <a href=\"https://github.com/kaizhu256/node-utility2\" target=\"_blank\">utility2</a>\\n\\","    ]\\n\\","</div>\\n\\","</body>\\n\\","</html>\\n\\","';","        /* jslint-ignore-end */","        if (local.templateRender) {","            local.assetsDict['/'] = local.templateRender(","                local.assetsDict['/assets.index.template.html'],","                {","                    env: local.objectSetDefault(local.env, {","                        npm_package_description: 'the greatest app in the world!',","                        npm_package_name: 'my-app',","                        npm_package_nameAlias: 'my_app',","                        npm_package_version: '0.0.1'","                    })","                }","            );","        } else {","            local.assetsDict['/'] = local.assetsDict['/assets.index.template.html']","                .replace((/\\{\\{env\\.(\\w+?)\\}\\}/g), function (match0, match1) {","                    // jslint-hack","                    String(match0);","                    switch (match1) {","                    case 'npm_package_description':","                        return 'the greatest app in the world!';","                    case 'npm_package_name':","                        return 'my-app';","                    case 'npm_package_nameAlias':","                        return 'my_app';","                    case 'npm_package_version':","                        return '0.0.1';","                    }","                });","        }","        // run the cli","        if (local.global.utility2_rollup || module !== require.main) {","            break;","        }","        local.assetsDict['/assets.example.js'] =","            local.assetsDict['/assets.example.js'] ||","            local.fs.readFileSync(__filename, 'utf8');","        // bug-workaround - long $npm_package_buildCustomOrg","        /* jslint-ignore-begin */","        local.assetsDict['/assets.npmtest_light_orm.rollup.js'] =","            local.assetsDict['/assets.npmtest_light_orm.rollup.js'] ||","            local.fs.readFileSync(","                local.npmtest_light_orm.__dirname + '/lib.npmtest_light_orm.js',","                'utf8'","            ).replace((/^#!/), '//');","        /* jslint-ignore-end */","        local.assetsDict['/favicon.ico'] = local.assetsDict['/favicon.ico'] || '';","        // if $npm_config_timeout_exit exists,","        // then exit this process after $npm_config_timeout_exit ms","        if (Number(process.env.npm_config_timeout_exit)) {","            setTimeout(process.exit, Number(process.env.npm_config_timeout_exit));","        }","        // start server","        if (local.global.utility2_serverHttp1) {","            break;","        }","        process.env.PORT = process.env.PORT || '8081';","        console.error('server starting on port ' + process.env.PORT);","        local.http.createServer(function (request, response) {","            request.urlParsed = local.url.parse(request.url);","            if (local.assetsDict[request.urlParsed.pathname] !== undefined) {","                response.end(local.assetsDict[request.urlParsed.pathname]);","                return;","            }","            response.statusCode = 404;","            response.end();","        }).listen(process.env.PORT);","        break;","    }","}());",""],"l":{"26":2,"28":2,"33":2,"35":2,"37":2,"38":2,"39":2,"44":1,"51":2,"55":2,"59":2,"61":2,"69":1,"70":2,"76":2,"79":2,"82":2,"83":2,"85":1,"89":2,"92":1,"93":1,"94":1,"96":1,"97":1,"100":1,"101":1,"103":1,"106":1,"108":2,"114":1,"116":1,"118":1,"123":1,"124":2,"125":2,"126":3,"127":3,"128":3,"129":3,"130":1,"133":3,"134":3,"139":3,"143":1,"144":3,"145":1,"149":1,"150":1,"158":1,"160":1,"161":1,"162":1,"164":1,"166":1,"258":1,"259":1,"271":1,"274":6,"275":6,"277":1,"279":2,"281":1,"283":2,"288":1,"289":1,"291":1,"296":1,"303":1,"306":1,"307":1,"310":1,"311":1,"313":1,"314":1,"315":1,"316":1,"317":1,"318":1,"319":1,"321":1,"322":1,"324":1}},"/home/travis/build/npmtest/node-npmtest-light-orm/node_modules/light-orm/index.js":{"path":"/home/travis/build/npmtest/node-npmtest-light-orm/node_modules/light-orm/index.js","s":{"1":1,"2":1,"3":0,"4":0,"5":1,"6":0,"7":0,"8":0,"9":0,"10":0,"11":0,"12":0,"13":1,"14":1,"15":1,"16":0,"17":1,"18":0,"19":0,"20":0,"21":0,"22":0,"23":1,"24":0,"25":0,"26":0,"27":0,"28":0,"29":1,"30":1,"31":1,"32":0,"33":1,"34":0,"35":0,"36":0,"37":1,"38":0,"39":0,"40":0,"41":1,"42":1,"43":1,"44":0,"45":0,"46":1,"47":0,"48":0,"49":0,"50":0,"51":0,"52":0,"53":0,"54":1,"55":1,"56":1,"57":1,"58":0,"59":0,"60":0,"61":1,"62":0,"63":0,"64":0,"65":0,"66":0,"67":0,"68":1,"69":0,"70":0,"71":0,"72":0,"73":1,"74":0,"75":0,"76":0,"77":0,"78":0,"79":0,"80":0,"81":0,"82":0,"83":0,"84":0,"85":0,"86":0,"87":1,"88":0,"89":0,"90":0,"91":0,"92":0,"93":0,"94":0,"95":1,"96":0,"97":0,"98":0,"99":0,"100":0,"101":1,"102":0,"103":0,"104":0,"105":0,"106":0,"107":0,"108":0,"109":1,"110":0,"111":0,"112":0,"113":0,"114":0,"115":0,"116":0,"117":0,"118":0,"119":1,"120":0,"121":0,"122":0,"123":0,"124":0,"125":0,"126":0,"127":0,"128":0,"129":0,"130":0,"131":0,"132":0,"133":0,"134":0,"135":0,"136":0,"137":0,"138":0,"139":0,"140":0,"141":0,"142":0,"143":0,"144":0,"145":1,"146":1,"147":1,"148":0,"149":0,"150":1,"151":0,"152":0,"153":0,"154":1,"155":0,"156":0,"157":0,"158":0,"159":0,"160":0,"161":0,"162":1,"163":0,"164":0,"165":0,"166":0,"167":0,"168":0,"169":0,"170":0,"171":0,"172":0,"173":0,"174":0,"175":0,"176":1,"177":0,"178":0,"179":0,"180":0,"181":0,"182":1,"183":0,"184":0,"185":0,"186":0,"187":0,"188":0,"189":0,"190":0,"191":0,"192":1,"193":0,"194":0,"195":0,"196":0,"197":0,"198":0,"199":0,"200":1,"201":0,"202":0,"203":0,"204":0,"205":0,"206":1,"207":1,"208":1,"209":1,"210":1,"211":1,"212":1,"213":1,"214":0,"215":0,"216":0,"217":0,"218":0,"219":0,"220":0,"221":0,"222":0,"223":0,"224":0,"225":0,"226":0,"227":1,"228":0,"229":0,"230":0,"231":0,"232":0,"233":1,"234":0,"235":0,"236":0,"237":0,"238":0,"239":1,"240":0,"241":0,"242":0,"243":0,"244":0,"245":1,"246":0,"247":0,"248":0,"249":0,"250":0,"251":0,"252":0,"253":0,"254":0,"255":0,"256":0,"257":0,"258":1,"259":0,"260":0,"261":0,"262":0,"263":0,"264":0,"265":0,"266":1,"267":0,"268":0,"269":0,"270":0,"271":0,"272":0,"273":0,"274":0,"275":0,"276":0,"277":0,"278":0,"279":0,"280":0,"281":0,"282":0,"283":0,"284":0,"285":1,"286":0,"287":0,"288":0,"289":0,"290":0,"291":0,"292":0,"293":0,"294":0,"295":0,"296":0,"297":0,"298":0,"299":0,"300":0,"301":0,"302":0,"303":0,"304":0,"305":0,"306":0,"307":0,"308":0,"309":0,"310":0,"311":0,"312":0,"313":0,"314":0,"315":0,"316":0,"317":0,"318":0,"319":0,"320":1,"321":0,"322":0,"323":0,"324":0,"325":0,"326":0,"327":0,"328":0,"329":0,"330":0,"331":0,"332":0,"333":0,"334":0,"335":0,"336":0,"337":0,"338":0,"339":0,"340":0,"341":0,"342":0,"343":0,"344":0,"345":0,"346":0,"347":0,"348":1,"349":0,"350":1,"351":0,"352":1,"353":1,"354":1,"355":1,"356":1,"357":1,"358":0,"359":0,"360":0,"361":0,"362":0,"363":0,"364":0,"365":0,"366":0,"367":0,"368":0,"369":0,"370":0,"371":0,"372":0,"373":0,"374":1,"375":0,"376":0,"377":0,"378":0,"379":0,"380":0,"381":0,"382":0,"383":0,"384":0,"385":1,"386":0,"387":1,"388":0,"389":0,"390":0,"391":1,"392":0,"393":0,"394":0,"395":0,"396":0,"397":0,"398":0,"399":0,"400":0,"401":0,"402":0,"403":0,"404":0,"405":0,"406":0,"407":1,"408":0,"409":1,"410":0,"411":0,"412":0,"413":0,"414":0,"415":0,"416":1,"417":0,"418":1,"419":0,"420":0,"421":0,"422":0,"423":1,"424":1,"425":1},"b":{"1":[0,0],"2":[0,0],"3":[0,0],"4":[0,0],"5":[0,0],"6":[0,0],"7":[0,0],"8":[0,0],"9":[0,0],"10":[0,0],"11":[0,0],"12":[0,0],"13":[0,0],"14":[0,0],"15":[0,0],"16":[0,0],"17":[0,0],"18":[0,0],"19":[0,0],"20":[0,0],"21":[0,0],"22":[0,0],"23":[0,0],"24":[0,0],"25":[0,0],"26":[0,0],"27":[0,0],"28":[0,0],"29":[0,0],"30":[0,0],"31":[0,0],"32":[0,0],"33":[0,0],"34":[0,0,0,0,0,0,0],"35":[0,0],"36":[0,0],"37":[0,0],"38":[0,0],"39":[0,0],"40":[0,0],"41":[0,0],"42":[0,0],"43":[0,0],"44":[0,0],"45":[0,0],"46":[0,0],"47":[1,1],"48":[0,0],"49":[0,0],"50":[0,0],"51":[0,0],"52":[0,0],"53":[0,0],"54":[0,0,0],"55":[0,0],"56":[0,0],"57":[0,0],"58":[0,0],"59":[0,0],"60":[0,0],"61":[0,0],"62":[0,0],"63":[0,0],"64":[0,0],"65":[0,0],"66":[0,0],"67":[0,0],"68":[0,0],"69":[0,0],"70":[0,0],"71":[0,0],"72":[0,0],"73":[0,0],"74":[0,0],"75":[0,0],"76":[0,0],"77":[0,0],"78":[0,0],"79":[0,0],"80":[0,0],"81":[0,0],"82":[0,0],"83":[0,0],"84":[0,0],"85":[0,0],"86":[0,0],"87":[0,0],"88":[0,0],"89":[0,0],"90":[0,0],"91":[0,0],"92":[0,0],"93":[0,0],"94":[0,0],"95":[0,0],"96":[0,0],"97":[0,0],"98":[0,0],"99":[0,0],"100":[0,0],"101":[1,0],"102":[0,0],"103":[0,0],"104":[0,0],"105":[0,0],"106":[0,0],"107":[0,0],"108":[0,0],"109":[0,0],"110":[0,0],"111":[0,0],"112":[0,0],"113":[0,0],"114":[0,0],"115":[0,0],"116":[0,0],"117":[0,0],"118":[1,0]},"f":{"1":1,"2":0,"3":0,"4":1,"5":0,"6":0,"7":0,"8":1,"9":0,"10":0,"11":0,"12":1,"13":0,"14":0,"15":1,"16":0,"17":0,"18":0,"19":0,"20":0,"21":0,"22":0,"23":0,"24":0,"25":0,"26":0,"27":0,"28":0,"29":1,"30":0,"31":0,"32":0,"33":0,"34":0,"35":0,"36":0,"37":0,"38":1,"39":1,"40":1,"41":0,"42":0,"43":0,"44":0,"45":0,"46":0,"47":0,"48":0,"49":0,"50":0,"51":0,"52":0,"53":0,"54":0,"55":0,"56":0,"57":0,"58":1,"59":1,"60":0,"61":0,"62":0,"63":0,"64":0,"65":0,"66":0,"67":0,"68":0,"69":0,"70":0},"fnMap":{"1":{"name":"(anonymous_1)","line":36,"loc":{"start":{"line":36,"column":13},"end":{"line":36,"column":25}}},"2":{"name":"Clone","line":37,"loc":{"start":{"line":37,"column":4},"end":{"line":37,"column":25}}},"3":{"name":"(anonymous_3)","line":41,"loc":{"start":{"line":41,"column":28},"end":{"line":41,"column":40}}},"4":{"name":"(anonymous_4)","line":63,"loc":{"start":{"line":63,"column":14},"end":{"line":63,"column":26}}},"5":{"name":"Filter","line":67,"loc":{"start":{"line":67,"column":4},"end":{"line":67,"column":26}}},"6":{"name":"(anonymous_6)","line":74,"loc":{"start":{"line":74,"column":30},"end":{"line":74,"column":47}}},"7":{"name":"(anonymous_7)","line":91,"loc":{"start":{"line":91,"column":29},"end":{"line":91,"column":46}}},"8":{"name":"(anonymous_8)","line":109,"loc":{"start":{"line":109,"column":21},"end":{"line":109,"column":33}}},"9":{"name":"ObjectWrapper","line":110,"loc":{"start":{"line":110,"column":4},"end":{"line":110,"column":33}}},"10":{"name":"(anonymous_10)","line":113,"loc":{"start":{"line":113,"column":35},"end":{"line":113,"column":47}}},"11":{"name":"(anonymous_11)","line":121,"loc":{"start":{"line":121,"column":38},"end":{"line":121,"column":50}}},"12":{"name":"(anonymous_12)","line":136,"loc":{"start":{"line":136,"column":13},"end":{"line":136,"column":25}}},"13":{"name":"Where","line":137,"loc":{"start":{"line":137,"column":4},"end":{"line":137,"column":26}}},"14":{"name":"(anonymous_14)","line":146,"loc":{"start":{"line":146,"column":31},"end":{"line":146,"column":47}}},"15":{"name":"(anonymous_15)","line":168,"loc":{"start":{"line":168,"column":17},"end":{"line":168,"column":29}}},"16":{"name":"SqlString","line":169,"loc":{"start":{"line":169,"column":4},"end":{"line":169,"column":25}}},"17":{"name":"(anonymous_17)","line":171,"loc":{"start":{"line":171,"column":26},"end":{"line":171,"column":38}}},"18":{"name":"(anonymous_18)","line":179,"loc":{"start":{"line":179,"column":42},"end":{"line":179,"column":56}}},"19":{"name":"(anonymous_19)","line":192,"loc":{"start":{"line":192,"column":34},"end":{"line":192,"column":62}}},"20":{"name":"(anonymous_20)","line":202,"loc":{"start":{"line":202,"column":39},"end":{"line":202,"column":63}}},"21":{"name":"(anonymous_21)","line":223,"loc":{"start":{"line":223,"column":41},"end":{"line":223,"column":59}}},"22":{"name":"(anonymous_22)","line":238,"loc":{"start":{"line":238,"column":38},"end":{"line":238,"column":65}}},"23":{"name":"(anonymous_23)","line":240,"loc":{"start":{"line":240,"column":25},"end":{"line":240,"column":38}}},"24":{"name":"(anonymous_24)","line":248,"loc":{"start":{"line":248,"column":41},"end":{"line":248,"column":69}}},"25":{"name":"(anonymous_25)","line":262,"loc":{"start":{"line":262,"column":35},"end":{"line":262,"column":67}}},"26":{"name":"(anonymous_26)","line":269,"loc":{"start":{"line":269,"column":27},"end":{"line":269,"column":40}}},"27":{"name":"(anonymous_27)","line":281,"loc":{"start":{"line":281,"column":33},"end":{"line":281,"column":76}}},"28":{"name":"(anonymous_28)","line":313,"loc":{"start":{"line":313,"column":53},"end":{"line":313,"column":66}}},"29":{"name":"(anonymous_29)","line":341,"loc":{"start":{"line":341,"column":17},"end":{"line":341,"column":29}}},"30":{"name":"SQLHelper","line":342,"loc":{"start":{"line":342,"column":4},"end":{"line":342,"column":25}}},"31":{"name":"(anonymous_31)","line":346,"loc":{"start":{"line":346,"column":26},"end":{"line":346,"column":38}}},"32":{"name":"(anonymous_32)","line":354,"loc":{"start":{"line":354,"column":37},"end":{"line":354,"column":53}}},"33":{"name":"(anonymous_33)","line":370,"loc":{"start":{"line":370,"column":37},"end":{"line":370,"column":59}}},"34":{"name":"(anonymous_34)","line":409,"loc":{"start":{"line":409,"column":38},"end":{"line":409,"column":70}}},"35":{"name":"(anonymous_35)","line":427,"loc":{"start":{"line":427,"column":38},"end":{"line":427,"column":82}}},"36":{"name":"(anonymous_36)","line":452,"loc":{"start":{"line":452,"column":38},"end":{"line":452,"column":71}}},"37":{"name":"(anonymous_37)","line":470,"loc":{"start":{"line":470,"column":38},"end":{"line":470,"column":70}}},"38":{"name":"(anonymous_38)","line":484,"loc":{"start":{"line":484,"column":1},"end":{"line":484,"column":18}}},"39":{"name":"(anonymous_39)","line":512,"loc":{"start":{"line":512,"column":1},"end":{"line":512,"column":18}}},"40":{"name":"(anonymous_40)","line":513,"loc":{"start":{"line":513,"column":17},"end":{"line":513,"column":29}}},"41":{"name":"Model","line":520,"loc":{"start":{"line":520,"column":8},"end":{"line":520,"column":56}}},"42":{"name":"(anonymous_42)","line":551,"loc":{"start":{"line":551,"column":33},"end":{"line":551,"column":45}}},"43":{"name":"(anonymous_43)","line":568,"loc":{"start":{"line":568,"column":30},"end":{"line":568,"column":46}}},"44":{"name":"(anonymous_44)","line":585,"loc":{"start":{"line":585,"column":30},"end":{"line":585,"column":46}}},"45":{"name":"(anonymous_45)","line":597,"loc":{"start":{"line":597,"column":30},"end":{"line":597,"column":59}}},"46":{"name":"(anonymous_46)","line":623,"loc":{"start":{"line":623,"column":32},"end":{"line":623,"column":48}}},"47":{"name":"(anonymous_47)","line":643,"loc":{"start":{"line":643,"column":33},"end":{"line":643,"column":65}}},"48":{"name":"(anonymous_48)","line":651,"loc":{"start":{"line":651,"column":38},"end":{"line":651,"column":67}}},"49":{"name":"(anonymous_49)","line":655,"loc":{"start":{"line":655,"column":46},"end":{"line":655,"column":75}}},"50":{"name":"(anonymous_50)","line":681,"loc":{"start":{"line":681,"column":33},"end":{"line":681,"column":72}}},"51":{"name":"(anonymous_51)","line":720,"loc":{"start":{"line":720,"column":38},"end":{"line":720,"column":67}}},"52":{"name":"(anonymous_52)","line":724,"loc":{"start":{"line":724,"column":46},"end":{"line":724,"column":75}}},"53":{"name":"(anonymous_53)","line":750,"loc":{"start":{"line":750,"column":33},"end":{"line":750,"column":72}}},"54":{"name":"(anonymous_54)","line":776,"loc":{"start":{"line":776,"column":38},"end":{"line":776,"column":67}}},"55":{"name":"(anonymous_55)","line":780,"loc":{"start":{"line":780,"column":46},"end":{"line":780,"column":75}}},"56":{"name":"(anonymous_56)","line":810,"loc":{"start":{"line":810,"column":35},"end":{"line":810,"column":47}}},"57":{"name":"(anonymous_57)","line":818,"loc":{"start":{"line":818,"column":33},"end":{"line":818,"column":45}}},"58":{"name":"(anonymous_58)","line":836,"loc":{"start":{"line":836,"column":1},"end":{"line":836,"column":18}}},"59":{"name":"(anonymous_59)","line":837,"loc":{"start":{"line":837,"column":22},"end":{"line":837,"column":34}}},"60":{"name":"Collection","line":838,"loc":{"start":{"line":838,"column":8},"end":{"line":838,"column":49}}},"61":{"name":"(anonymous_61)","line":869,"loc":{"start":{"line":869,"column":43},"end":{"line":869,"column":67}}},"62":{"name":"(anonymous_62)","line":895,"loc":{"start":{"line":895,"column":41},"end":{"line":895,"column":53}}},"63":{"name":"(anonymous_63)","line":904,"loc":{"start":{"line":904,"column":40},"end":{"line":904,"column":54}}},"64":{"name":"(anonymous_64)","line":913,"loc":{"start":{"line":913,"column":36},"end":{"line":913,"column":64}}},"65":{"name":"(anonymous_65)","line":923,"loc":{"start":{"line":923,"column":38},"end":{"line":923,"column":67}}},"66":{"name":"(anonymous_66)","line":947,"loc":{"start":{"line":947,"column":39},"end":{"line":947,"column":59}}},"67":{"name":"(anonymous_67)","line":951,"loc":{"start":{"line":951,"column":39},"end":{"line":951,"column":67}}},"68":{"name":"(anonymous_68)","line":952,"loc":{"start":{"line":952,"column":30},"end":{"line":952,"column":55}}},"69":{"name":"(anonymous_69)","line":969,"loc":{"start":{"line":969,"column":40},"end":{"line":969,"column":52}}},"70":{"name":"(anonymous_70)","line":977,"loc":{"start":{"line":977,"column":38},"end":{"line":977,"column":50}}}},"statementMap":{"1":{"start":{"line":36,"column":0},"end":{"line":57,"column":5}},"2":{"start":{"line":37,"column":4},"end":{"line":40,"column":5}},"3":{"start":{"line":38,"column":8},"end":{"line":38,"column":25}},"4":{"start":{"line":39,"column":8},"end":{"line":39,"column":28}},"5":{"start":{"line":41,"column":4},"end":{"line":55,"column":6}},"6":{"start":{"line":42,"column":8},"end":{"line":44,"column":9}},"7":{"start":{"line":43,"column":12},"end":{"line":43,"column":29}},"8":{"start":{"line":46,"column":8},"end":{"line":46,"column":49}},"9":{"start":{"line":48,"column":8},"end":{"line":52,"column":9}},"10":{"start":{"line":49,"column":12},"end":{"line":51,"column":13}},"11":{"start":{"line":50,"column":16},"end":{"line":50,"column":45}},"12":{"start":{"line":54,"column":8},"end":{"line":54,"column":20}},"13":{"start":{"line":56,"column":4},"end":{"line":56,"column":17}},"14":{"start":{"line":63,"column":0},"end":{"line":103,"column":5}},"15":{"start":{"line":67,"column":4},"end":{"line":69,"column":5}},"16":{"start":{"line":68,"column":8},"end":{"line":68,"column":25}},"17":{"start":{"line":74,"column":4},"end":{"line":84,"column":6}},"18":{"start":{"line":75,"column":8},"end":{"line":75,"column":25}},"19":{"start":{"line":77,"column":8},"end":{"line":81,"column":9}},"20":{"start":{"line":78,"column":12},"end":{"line":80,"column":13}},"21":{"start":{"line":79,"column":16},"end":{"line":79,"column":48}},"22":{"start":{"line":83,"column":8},"end":{"line":83,"column":23}},"23":{"start":{"line":91,"column":4},"end":{"line":101,"column":6}},"24":{"start":{"line":92,"column":8},"end":{"line":92,"column":25}},"25":{"start":{"line":94,"column":8},"end":{"line":98,"column":9}},"26":{"start":{"line":95,"column":12},"end":{"line":97,"column":13}},"27":{"start":{"line":96,"column":16},"end":{"line":96,"column":48}},"28":{"start":{"line":100,"column":8},"end":{"line":100,"column":23}},"29":{"start":{"line":102,"column":4},"end":{"line":102,"column":18}},"30":{"start":{"line":109,"column":0},"end":{"line":129,"column":5}},"31":{"start":{"line":110,"column":4},"end":{"line":112,"column":5}},"32":{"start":{"line":111,"column":8},"end":{"line":111,"column":25}},"33":{"start":{"line":113,"column":4},"end":{"line":119,"column":6}},"34":{"start":{"line":114,"column":8},"end":{"line":118,"column":9}},"35":{"start":{"line":115,"column":12},"end":{"line":115,"column":36}},"36":{"start":{"line":117,"column":12},"end":{"line":117,"column":49}},"37":{"start":{"line":121,"column":4},"end":{"line":127,"column":6}},"38":{"start":{"line":122,"column":8},"end":{"line":126,"column":9}},"39":{"start":{"line":123,"column":12},"end":{"line":123,"column":24}},"40":{"start":{"line":125,"column":12},"end":{"line":125,"column":25}},"41":{"start":{"line":128,"column":4},"end":{"line":128,"column":25}},"42":{"start":{"line":136,"column":0},"end":{"line":162,"column":5}},"43":{"start":{"line":137,"column":4},"end":{"line":140,"column":5}},"44":{"start":{"line":138,"column":8},"end":{"line":138,"column":33}},"45":{"start":{"line":139,"column":8},"end":{"line":139,"column":43}},"46":{"start":{"line":146,"column":4},"end":{"line":160,"column":6}},"47":{"start":{"line":147,"column":8},"end":{"line":147,"column":21}},"48":{"start":{"line":149,"column":8},"end":{"line":157,"column":9}},"49":{"start":{"line":150,"column":12},"end":{"line":154,"column":13}},"50":{"start":{"line":151,"column":16},"end":{"line":153,"column":17}},"51":{"start":{"line":152,"column":20},"end":{"line":152,"column":61}},"52":{"start":{"line":156,"column":12},"end":{"line":156,"column":34}},"53":{"start":{"line":159,"column":8},"end":{"line":159,"column":19}},"54":{"start":{"line":161,"column":4},"end":{"line":161,"column":17}},"55":{"start":{"line":168,"column":0},"end":{"line":334,"column":5}},"56":{"start":{"line":169,"column":4},"end":{"line":170,"column":5}},"57":{"start":{"line":171,"column":4},"end":{"line":177,"column":6}},"58":{"start":{"line":172,"column":8},"end":{"line":174,"column":9}},"59":{"start":{"line":173,"column":12},"end":{"line":173,"column":47}},"60":{"start":{"line":176,"column":8},"end":{"line":176,"column":32}},"61":{"start":{"line":179,"column":4},"end":{"line":190,"column":6}},"62":{"start":{"line":180,"column":8},"end":{"line":181,"column":21}},"63":{"start":{"line":181,"column":12},"end":{"line":181,"column":21}},"64":{"start":{"line":183,"column":8},"end":{"line":183,"column":54}},"65":{"start":{"line":185,"column":8},"end":{"line":187,"column":9}},"66":{"start":{"line":186,"column":12},"end":{"line":186,"column":111}},"67":{"start":{"line":189,"column":8},"end":{"line":189,"column":17}},"68":{"start":{"line":192,"column":4},"end":{"line":200,"column":6}},"69":{"start":{"line":193,"column":8},"end":{"line":193,"column":41}},"70":{"start":{"line":195,"column":8},"end":{"line":197,"column":9}},"71":{"start":{"line":196,"column":12},"end":{"line":196,"column":36}},"72":{"start":{"line":199,"column":8},"end":{"line":199,"column":23}},"73":{"start":{"line":202,"column":4},"end":{"line":221,"column":6}},"74":{"start":{"line":203,"column":8},"end":{"line":210,"column":9}},"75":{"start":{"line":204,"column":12},"end":{"line":204,"column":52}},"76":{"start":{"line":206,"column":12},"end":{"line":206,"column":72}},"77":{"start":{"line":207,"column":12},"end":{"line":209,"column":13}},"78":{"start":{"line":208,"column":16},"end":{"line":208,"column":56}},"79":{"start":{"line":212,"column":8},"end":{"line":212,"column":36}},"80":{"start":{"line":213,"column":8},"end":{"line":213,"column":55}},"81":{"start":{"line":214,"column":8},"end":{"line":214,"column":48}},"82":{"start":{"line":215,"column":8},"end":{"line":215,"column":50}},"83":{"start":{"line":216,"column":8},"end":{"line":216,"column":54}},"84":{"start":{"line":217,"column":8},"end":{"line":217,"column":54}},"85":{"start":{"line":218,"column":8},"end":{"line":218,"column":64}},"86":{"start":{"line":220,"column":8},"end":{"line":220,"column":109}},"87":{"start":{"line":223,"column":4},"end":{"line":236,"column":6}},"88":{"start":{"line":224,"column":8},"end":{"line":224,"column":21}},"89":{"start":{"line":226,"column":8},"end":{"line":233,"column":9}},"90":{"start":{"line":227,"column":12},"end":{"line":227,"column":41}},"91":{"start":{"line":229,"column":12},"end":{"line":232,"column":13}},"92":{"start":{"line":230,"column":16},"end":{"line":230,"column":39}},"93":{"start":{"line":231,"column":16},"end":{"line":231,"column":56}},"94":{"start":{"line":235,"column":8},"end":{"line":235,"column":32}},"95":{"start":{"line":238,"column":4},"end":{"line":246,"column":6}},"96":{"start":{"line":239,"column":8},"end":{"line":239,"column":25}},"97":{"start":{"line":240,"column":8},"end":{"line":245,"column":22}},"98":{"start":{"line":241,"column":12},"end":{"line":243,"column":13}},"99":{"start":{"line":242,"column":16},"end":{"line":242,"column":66}},"100":{"start":{"line":244,"column":12},"end":{"line":244,"column":51}},"101":{"start":{"line":248,"column":4},"end":{"line":260,"column":6}},"102":{"start":{"line":249,"column":8},"end":{"line":249,"column":24}},"103":{"start":{"line":250,"column":8},"end":{"line":257,"column":9}},"104":{"start":{"line":251,"column":12},"end":{"line":251,"column":36}},"105":{"start":{"line":252,"column":12},"end":{"line":254,"column":13}},"106":{"start":{"line":253,"column":16},"end":{"line":253,"column":25}},"107":{"start":{"line":256,"column":12},"end":{"line":256,"column":89}},"108":{"start":{"line":259,"column":8},"end":{"line":259,"column":33}},"109":{"start":{"line":262,"column":4},"end":{"line":279,"column":6}},"110":{"start":{"line":263,"column":8},"end":{"line":263,"column":25}},"111":{"start":{"line":264,"column":8},"end":{"line":266,"column":9}},"112":{"start":{"line":265,"column":12},"end":{"line":265,"column":36}},"113":{"start":{"line":268,"column":8},"end":{"line":272,"column":9}},"114":{"start":{"line":269,"column":12},"end":{"line":271,"column":26}},"115":{"start":{"line":270,"column":16},"end":{"line":270,"column":58}},"116":{"start":{"line":274,"column":8},"end":{"line":276,"column":9}},"117":{"start":{"line":275,"column":12},"end":{"line":275,"column":55}},"118":{"start":{"line":278,"column":8},"end":{"line":278,"column":73}},"119":{"start":{"line":281,"column":4},"end":{"line":332,"column":6}},"120":{"start":{"line":282,"column":8},"end":{"line":284,"column":9}},"121":{"start":{"line":283,"column":12},"end":{"line":283,"column":26}},"122":{"start":{"line":286,"column":8},"end":{"line":291,"column":9}},"123":{"start":{"line":288,"column":16},"end":{"line":288,"column":48}},"124":{"start":{"line":290,"column":16},"end":{"line":290,"column":32}},"125":{"start":{"line":293,"column":8},"end":{"line":295,"column":9}},"126":{"start":{"line":294,"column":12},"end":{"line":294,"column":62}},"127":{"start":{"line":297,"column":8},"end":{"line":299,"column":9}},"128":{"start":{"line":298,"column":12},"end":{"line":298,"column":44}},"129":{"start":{"line":301,"column":8},"end":{"line":303,"column":9}},"130":{"start":{"line":302,"column":12},"end":{"line":302,"column":51}},"131":{"start":{"line":305,"column":8},"end":{"line":311,"column":9}},"132":{"start":{"line":306,"column":12},"end":{"line":310,"column":13}},"133":{"start":{"line":307,"column":16},"end":{"line":307,"column":37}},"134":{"start":{"line":309,"column":16},"end":{"line":309,"column":58}},"135":{"start":{"line":313,"column":8},"end":{"line":330,"column":11}},"136":{"start":{"line":314,"column":12},"end":{"line":329,"column":13}},"137":{"start":{"line":316,"column":20},"end":{"line":316,"column":33}},"138":{"start":{"line":318,"column":20},"end":{"line":318,"column":33}},"139":{"start":{"line":320,"column":20},"end":{"line":320,"column":33}},"140":{"start":{"line":322,"column":20},"end":{"line":322,"column":33}},"141":{"start":{"line":324,"column":20},"end":{"line":324,"column":33}},"142":{"start":{"line":326,"column":20},"end":{"line":326,"column":33}},"143":{"start":{"line":328,"column":20},"end":{"line":328,"column":36}},"144":{"start":{"line":331,"column":8},"end":{"line":331,"column":31}},"145":{"start":{"line":333,"column":4},"end":{"line":333,"column":21}},"146":{"start":{"line":341,"column":0},"end":{"line":481,"column":5}},"147":{"start":{"line":342,"column":4},"end":{"line":345,"column":5}},"148":{"start":{"line":343,"column":8},"end":{"line":343,"column":47}},"149":{"start":{"line":344,"column":8},"end":{"line":344,"column":30}},"150":{"start":{"line":346,"column":4},"end":{"line":352,"column":6}},"151":{"start":{"line":347,"column":8},"end":{"line":349,"column":9}},"152":{"start":{"line":348,"column":12},"end":{"line":348,"column":47}},"153":{"start":{"line":351,"column":8},"end":{"line":351,"column":32}},"154":{"start":{"line":354,"column":4},"end":{"line":368,"column":6}},"155":{"start":{"line":355,"column":8},"end":{"line":355,"column":45}},"156":{"start":{"line":357,"column":8},"end":{"line":361,"column":9}},"157":{"start":{"line":358,"column":12},"end":{"line":360,"column":13}},"158":{"start":{"line":359,"column":16},"end":{"line":359,"column":94}},"159":{"start":{"line":363,"column":8},"end":{"line":365,"column":9}},"160":{"start":{"line":364,"column":12},"end":{"line":364,"column":73}},"161":{"start":{"line":367,"column":8},"end":{"line":367,"column":21}},"162":{"start":{"line":370,"column":4},"end":{"line":401,"column":6}},"163":{"start":{"line":371,"column":8},"end":{"line":371,"column":23}},"164":{"start":{"line":373,"column":8},"end":{"line":375,"column":9}},"165":{"start":{"line":374,"column":12},"end":{"line":374,"column":24}},"166":{"start":{"line":377,"column":8},"end":{"line":393,"column":9}},"167":{"start":{"line":378,"column":12},"end":{"line":384,"column":13}},"168":{"start":{"line":379,"column":16},"end":{"line":383,"column":17}},"169":{"start":{"line":382,"column":20},"end":{"line":382,"column":76}},"170":{"start":{"line":386,"column":12},"end":{"line":392,"column":13}},"171":{"start":{"line":387,"column":16},"end":{"line":391,"column":17}},"172":{"start":{"line":390,"column":20},"end":{"line":390,"column":80}},"173":{"start":{"line":396,"column":8},"end":{"line":398,"column":9}},"174":{"start":{"line":397,"column":12},"end":{"line":397,"column":77}},"175":{"start":{"line":400,"column":8},"end":{"line":400,"column":21}},"176":{"start":{"line":409,"column":4},"end":{"line":418,"column":6}},"177":{"start":{"line":410,"column":8},"end":{"line":410,"column":56}},"178":{"start":{"line":412,"column":8},"end":{"line":415,"column":9}},"179":{"start":{"line":413,"column":12},"end":{"line":413,"column":31}},"180":{"start":{"line":414,"column":12},"end":{"line":414,"column":48}},"181":{"start":{"line":417,"column":8},"end":{"line":417,"column":21}},"182":{"start":{"line":427,"column":4},"end":{"line":444,"column":6}},"183":{"start":{"line":428,"column":8},"end":{"line":428,"column":59}},"184":{"start":{"line":430,"column":8},"end":{"line":434,"column":9}},"185":{"start":{"line":431,"column":12},"end":{"line":433,"column":13}},"186":{"start":{"line":432,"column":16},"end":{"line":432,"column":121}},"187":{"start":{"line":436,"column":8},"end":{"line":436,"column":73}},"188":{"start":{"line":438,"column":8},"end":{"line":441,"column":9}},"189":{"start":{"line":439,"column":12},"end":{"line":439,"column":31}},"190":{"start":{"line":440,"column":12},"end":{"line":440,"column":48}},"191":{"start":{"line":443,"column":8},"end":{"line":443,"column":21}},"192":{"start":{"line":452,"column":4},"end":{"line":462,"column":6}},"193":{"start":{"line":453,"column":8},"end":{"line":453,"column":56}},"194":{"start":{"line":455,"column":8},"end":{"line":455,"column":51}},"195":{"start":{"line":456,"column":8},"end":{"line":456,"column":29}},"196":{"start":{"line":457,"column":8},"end":{"line":457,"column":22}},"197":{"start":{"line":458,"column":8},"end":{"line":458,"column":52}},"198":{"start":{"line":459,"column":8},"end":{"line":459,"column":21}},"199":{"start":{"line":461,"column":8},"end":{"line":461,"column":21}},"200":{"start":{"line":470,"column":4},"end":{"line":479,"column":6}},"201":{"start":{"line":471,"column":8},"end":{"line":471,"column":54}},"202":{"start":{"line":473,"column":8},"end":{"line":476,"column":9}},"203":{"start":{"line":474,"column":12},"end":{"line":474,"column":31}},"204":{"start":{"line":475,"column":12},"end":{"line":475,"column":48}},"205":{"start":{"line":478,"column":8},"end":{"line":478,"column":21}},"206":{"start":{"line":480,"column":4},"end":{"line":480,"column":21}},"207":{"start":{"line":483,"column":0},"end":{"line":483,"column":10}},"208":{"start":{"line":484,"column":0},"end":{"line":489,"column":26}},"209":{"start":{"line":488,"column":4},"end":{"line":488,"column":17}},"210":{"start":{"line":511,"column":0},"end":{"line":511,"column":10}},"211":{"start":{"line":512,"column":0},"end":{"line":824,"column":26}},"212":{"start":{"line":513,"column":4},"end":{"line":822,"column":9}},"213":{"start":{"line":520,"column":8},"end":{"line":546,"column":9}},"214":{"start":{"line":524,"column":12},"end":{"line":524,"column":31}},"215":{"start":{"line":525,"column":12},"end":{"line":525,"column":27}},"216":{"start":{"line":526,"column":12},"end":{"line":526,"column":30}},"217":{"start":{"line":527,"column":12},"end":{"line":543,"column":13}},"218":{"start":{"line":528,"column":16},"end":{"line":530,"column":17}},"219":{"start":{"line":529,"column":20},"end":{"line":529,"column":47}},"220":{"start":{"line":532,"column":16},"end":{"line":532,"column":41}},"221":{"start":{"line":534,"column":16},"end":{"line":536,"column":17}},"222":{"start":{"line":535,"column":20},"end":{"line":535,"column":43}},"223":{"start":{"line":538,"column":16},"end":{"line":542,"column":17}},"224":{"start":{"line":539,"column":20},"end":{"line":541,"column":21}},"225":{"start":{"line":540,"column":24},"end":{"line":540,"column":54}},"226":{"start":{"line":545,"column":12},"end":{"line":545,"column":51}},"227":{"start":{"line":551,"column":8},"end":{"line":561,"column":10}},"228":{"start":{"line":552,"column":12},"end":{"line":552,"column":55}},"229":{"start":{"line":554,"column":12},"end":{"line":558,"column":13}},"230":{"start":{"line":555,"column":16},"end":{"line":557,"column":17}},"231":{"start":{"line":556,"column":20},"end":{"line":556,"column":57}},"232":{"start":{"line":560,"column":12},"end":{"line":560,"column":29}},"233":{"start":{"line":568,"column":8},"end":{"line":578,"column":10}},"234":{"start":{"line":569,"column":12},"end":{"line":571,"column":13}},"235":{"start":{"line":570,"column":16},"end":{"line":570,"column":42}},"236":{"start":{"line":573,"column":12},"end":{"line":575,"column":13}},"237":{"start":{"line":574,"column":16},"end":{"line":574,"column":39}},"238":{"start":{"line":577,"column":12},"end":{"line":577,"column":24}}
[...]
};","            this.dataNew = {};","            if (\"undefined\" !== typeof options && options.hasOwnProperty('connector')) {","                for (var name in options) {","                    this[name] = options[name];","                }","            } else {","                this.tableName = options;","","                if (\"undefined\" !== typeof attributes) {","                    this.data = attributes;","                }","","                if (\"undefined\" !== typeof extensions) {","                    for (var name in extensions) {","                        this[name] = extensions[name];","                    }","                }","            }","","            this.sqlHelper = SQLHelper.getEntity();","        }","        /**","        * Get All attributes, combines dataNew and data","        * @returns {object}","        */","        Model.prototype.getAll = function () {","            var localData = new Clone(this.data) || {};","","            for (var name in this.dataNew) {","                if (this.dataNew.hasOwnProperty(name) && (!localData.hasOwnProperty(name) || localData[name] != this.dataNew[name])) {","                    localData[name] = this.dataNew[name];","                }","            }","","            return localData;","        };","","        /**","        * Get attribute by name","        * @param {string} name Name of attribute","        * @returns {any} Value of attribute","        */","        Model.prototype.get = function (name) {","            if (this.dataNew.hasOwnProperty(name)) {","                return this.dataNew[name];","            }","","            if (this.data.hasOwnProperty(name)) {","                return this.data[name];","            }","","            return null;","        };","","        /**","        * Check presence of attribute","        * @param name","        * @returns {boolean}","        */","        Model.prototype.has = function (name) {","            if (this.dataNew.hasOwnProperty(name)) {","                return true;","            }","","            if (this.data.hasOwnProperty(name)) {","                return true;","            }","","            return false;","        };","","        Model.prototype.set = function (arg1, arg2, isNew) {","            if (\"string\" === typeof arg1 && \"undefined\" !== typeof arg2) {","                if (\"undefined\" === typeof isNew || isNew) {","                    this.dataNew[arg1] = arg2;","                } else {","                    this.data[arg1] = arg2;","                }","            }","","            if (\"object\" === typeof arg1) {","                if (\"boolean\" === typeof arg2 && arg2) {","                    for (var name in arg1) {","                        if (arg1.hasOwnProperty(name)) {","                            this.dataNew[name] = arg1[name];","                        }","                    }","                } else {","                    for (var name in arg1) {","                        if (arg1.hasOwnProperty(name)) {","                            this.data[name] = arg1[name];","                        }","                    }","                }","            }","        };","","        Model.prototype.clear = function (name) {","            if (\"undefined\" === typeof name) {","                this.dataNew = {};","                this.data = {};","            } else {","                if (this.dataNew.hasOwnProperty(name)) {","                    delete this.dataNew[name];","                }","","                if (this.data.hasOwnProperty(name)) {","                    delete this.data[name];","                }","            }","        };","","        /**","        * Create model","        * @param {function} callback","        * @param {boolean} isGetModel True, if sub request is needed","        */","        Model.prototype.create = function (callback, isGetModel) {","            var _this = this;","            var that = this, query = this.sqlHelper.buildInsert(this.tableName, this.getAll());","","            if (\"undefined\" === typeof isGetModel) {","                isGetModel = true;","            }","","            Light.driver.query(query, function (err, rows, fields) {","                if (isGetModel) {","                    var whereOptions = _this.getAll();","                    query = _this.sqlHelper.buildSelect(_this.tableName, whereOptions);","                    Light.driver.query(query, function (err, rows, fields) {","                        if (\"undefined\" !== typeof rows && rows.length > 0) {","                            var model = new Model(_this.tableName, rows[0]);","                            that.set(model.getAll());","","                            if (\"function\" === typeof callback) {","                                callback(err, that);","                            }","                        } else {","                            if (\"function\" === typeof callback) {","                                callback(err);","                            }","                        }","                    });","                } else {","                    if (\"function\" === typeof callback) {","                        callback(err);","                    }","                }","            });","            //            this.callBeforeHandlers(Model.CREATE);","            //            this.connector.query(query, (err, rows, fields) => {","            //                this.callAfterHandlers(Model.CREATE);","            //            });","        };","","        Model.prototype.update = function (input, callback, isGetModel) {","            var _this = this;","            var that = this, whereOptions = {}, options;","","            if (\"function\" === typeof input) {","                callback = input;","            } else {","                options = input;","            }","","            if (\"undefined\" === typeof options) {","                whereOptions[this.pkAttr] = this.get(this.pkAttr);","            } else {","                whereOptions = new Where(options).getBlock(this.getAll());","            }","","            var updateData = new Clone(this.dataNew);","","            this.data = this.getAll();","            this.dataNew = {};","","            if (new ObjectWrapper(updateData).size() < 1) {","                if (\"function\" === typeof callback) {","                    callback(\"Nothing to update\");","                }","","                return;","            }","","            var query = this.sqlHelper.buildUpdate(this.tableName, updateData, whereOptions);","","            if (\"undefined\" === typeof isGetModel) {","                if (\"boolean\" === typeof callback) {","                    isGetModel = callback;","                } else {","                    isGetModel = true;","                }","            }","","            Light.driver.query(query, function (err, rows, fields) {","                if (isGetModel) {","                    var whereOptions = _this.getAll();","                    query = _this.sqlHelper.buildSelect(_this.tableName, whereOptions);","                    Light.driver.query(query, function (err, rows, fields) {","                        if (\"undefined\" !== typeof rows && rows.length > 0) {","                            var model = new Model(_this.tableName, rows[0]);","                            that.set(model.getAll());","","                            if (\"function\" === typeof callback) {","                                callback(err, that);","                            }","                        } else {","                            if (\"function\" === typeof callback) {","                                callback(err);","                            }","                        }","                    });","                } else {","                    if (\"function\" === typeof callback) {","                        callback(err);","                    }","                }","            });","            //            this.callBeforeHandlers(Model.UPDATE);","            //            this.connector.query(query, (err, rows, fields) => {","            //                this.callAfterHandlers(Model.UPDATE);","            //            });","        };","","        Model.prototype.remove = function (input, callback, isGetModel) {","            var _this = this;","            var that = this, whereOptions = {}, options;","","            if (\"function\" === typeof input) {","                callback = input;","            } else {","                options = input;","            }","","            if (\"undefined\" === typeof options) {","                whereOptions[this.pkAttr] = this.get(this.pkAttr);","            } else {","                whereOptions = new Where(options).getBlock(this.getAll());","            }","","            var query = this.sqlHelper.buildDelete(this.tableName, whereOptions);","","            if (\"undefined\" === typeof isGetModel) {","                if (\"boolean\" === typeof callback) {","                    isGetModel = callback;","                } else {","                    isGetModel = true;","                }","            }","","            Light.driver.query(query, function (err, rows, fields) {","                if (isGetModel) {","                    var whereOptions = _this.getAll();","                    query = _this.sqlHelper.buildSelect(_this.tableName, whereOptions);","                    Light.driver.query(query, function (err, rows, fields) {","                        if (\"undefined\" !== typeof rows && rows.length > 0) {","                            var model = new Model(_this.tableName, rows[0]);","                            that.set(model.getAll());","","                            if (\"function\" === typeof callback) {","                                callback(err, that);","                            }","                        } else {","                            if (\"function\" === typeof callback) {","                                callback(err);","                            }","                        }","                    });","                } else {","                    if (\"function\" === typeof callback) {","                        callback(err);","                    }","                }","            });","            //            this.callBeforeHandlers(Model.REMOVE);","            //            this.connector.query(query, (err, rows, fields) => {","            //                this.callAfterHandlers(Model.REMOVE);","            //            });","        };","","        /**","        * Create string from object","        * @returns {string}","        */","        Model.prototype.toString = function () {","            return \"[LightOrm Model <\" + this.tableName + \", \" + (this.get(this.pkAttr) ? this.get(this.pkAttr) : \"undefined\") + \">]\";","        };","","        /**","        * Get attributes of model","        * @returns {object}","        */","        Model.prototype.toJSON = function () {","            return this.getAll();","        };","        return Model;","    })();","    Light.Model = Model;","})(Light || (Light = {}));","/**","* Provides model creation and search methods","* @author Oleksandr Knyga <oleksandrknyga@gmail.com>","* @license Apache License 2.0 - See file 'LICENSE.md' in this project.","*/","///<reference path=\"Model.ts\" />","///<reference path=\"Driver.ts\" />","///<reference path=\"helpers/Sql/SQLHelper.ts\" />","///<reference path=\"interfaces/ToStringInterface.ts\" />","///<reference path=\"interfaces/ToJSONInterface.ts\" />","var Light;","(function (Light) {","    var Collection = (function () {","        function Collection(options, extensions) {","            this.models = [];","            this.isAddModel = true;","            if (\"string\" === typeof options) {","                this.tableName = options;","","                if (\"undefined\" !== typeof extensions) {","                    for (var name in extensions) {","                        this[name] = extensions[name];","                    }","                }","            }","","            if (\"object\" === typeof options) {","                if (Object.prototype.toString.call(options) === '[object Array]') {","                    if (options.length > 0 && options[0] instanceof Light.Model) {","                        this.models = options;","                    } else {","                        for (var i = 0; i < options.length; i++) {","                            this.createModel(options[i]);","                        }","                    }","                } else {","                    for (var name in options) {","                        this[name] = options[name];","                    }","                }","            }","","            this.sqlHelper = SQLHelper.getEntity();","        }","        Collection.prototype.createModel = function (options, add) {","            var model, data;","","            if (\"boolean\" === typeof options) {","                add = options;","            } else {","                data = options;","            }","","            if (\"undefined\" === typeof add) {","                add = this.isAddModel;","            }","","            model = new Light.Model(this.tableName, data, this.modelExtension);","","            if (add) {","                this.models.push(model);","            }","","            return model;","        };","","        /**","        * Get all models from saved models list","        * @returns {Model[]}","        */","        Collection.prototype.getModels = function () {","            return this.models;","        };","","        /**","        * Get model at position from saved models list","        * @param {number} at Position","        * @returns {Model}","        */","        Collection.prototype.getModel = function (at) {","            if (this.models.length <= at) {","                //throw new Error(\"No model at \" + at);","                return null;","            }","","            return this.models[at];","        };","","        Collection.prototype.find = function (search, callback) {","            var _this = this;","            var query = \"\";","","            if (\"string\" === typeof search) {","                query = search;","            } else {","                query = this.sqlHelper.buildSelect(this.tableName, search);","            }","","            Light.driver.query(query, function (err, rows, fields) {","                if (err) {","                    if (\"function\" === typeof callback) {","                        callback(err);","                    }","                } else {","                    var models = [];","","                    for (var i = 0; i < rows.length; i++) {","                        var model = new Light.Model(_this.tableName, rows[i], _this.modelExtension);","                        models.push(model);","                    }","","                    if (\"function\" === typeof callback) {","                        callback(null, models);","                    }","                }","            });","        };","","        /**","        * Get all models","        * @param callback","        */","        Collection.prototype.findAll = function (callback) {","            this.find(undefined, callback);","        };","","        Collection.prototype.findOne = function (search, callback) {","            this.find(search, function (lerr, lmodels) {","                var model;","","                if (lmodels.length > 0) {","                    model = lmodels[0];","                }","","                if (\"function\" === typeof callback) {","                    callback(lerr, model);","                }","            });","        };","","        /**","        * Create string from object","        * @returns {string}","        */","        Collection.prototype.toString = function () {","            return \"[LightOrm Collection <\" + this.tableName + \">]\";","        };","","        /**","        * Create array of attributes of saved models","        * @returns {array}","        */","        Collection.prototype.toJSON = function () {","            var data = [];","            for (var i = 0, length = this.models.length; i < length; i++) {","                data.push(this.models[i].toJSON());","            }","","            return data;","        };","        return Collection;","    })();","    Light.Collection = Collection;","})(Light || (Light = {}));","module.exports = Light;",""],"l":{"36":1,"37":1,"38":0,"39":0,"41":1,"42":0,"43":0,"46":0,"48":0,"49":0,"50":0,"54":0,"56":1,"63":1,"67":1,"68":0,"74":1,"75":0,"77":0,"78":0,"79":0,"83":0,"91":1,"92":0,"94":0,"95":0,"96":0,"100":0,"102":1,"109":1,"110":1,"111":0,"113":1,"114":0,"115":0,"117":0,"121":1,"122":0,"123":0,"125":0,"128":1,"136":1,"137":1,"138":0,"139":0,"146":1,"147":0,"149":0,"150":0,"151":0,"152":0,"156":0,"159":0,"161":1,"168":1,"169":1,"171":1,"172":0,"173":0,"176":0,"179":1,"180":0,"181":0,"183":0,"185":0,"186":0,"189":0,"192":1,"193":0,"195":0,"196":0,"199":0,"202":1,"203":0,"204":0,"206":0,"207":0,"208":0,"212":0,"213":0,"214":0,"215":0,"216":0,"217":0,"218":0,"220":0,"223":1,"224":0,"226":0,"227":0,"229":0,"230":0,"231":0,"235":0,"238":1,"239":0,"240":0,"241":0,"242":0,"244":0,"248":1,"249":0,"250":0,"251":0,"252":0,"253":0,"256":0,"259":0,"262":1,"263":0,"264":0,"265":0,"268":0,"269":0,"270":0,"274":0,"275":0,"278":0,"281":1,"282":0,"283":0,"286":0,"288":0,"290":0,"293":0,"294":0,"297":0,"298":0,"301":0,"302":0,"305":0,"306":0,"307":0,"309":0,"313":0,"314":0,"316":0,"318":0,"320":0,"322":0,"324":0,"326":0,"328":0,"331":0,"333":1,"341":1,"342":1,"343":0,"344":0,"346":1,"347":0,"348":0,"351":0,"354":1,"355":0,"357":0,"358":0,"359":0,"363":0,"364":0,"367":0,"370":1,"371":0,"373":0,"374":0,"377":0,"378":0,"379":0,"382":0,"386":0,"387":0,"390":0,"396":0,"397":0,"400":0,"409":1,"410":0,"412":0,"413":0,"414":0,"417":0,"427":1,"428":0,"430":0,"431":0,"432":0,"436":0,"438":0,"439":0,"440":0,"443":0,"452":1,"453":0,"455":0,"456":0,"457":0,"458":0,"459":0,"461":0,"470":1,"471":0,"473":0,"474":0,"475":0,"478":0,"480":1,"483":1,"484":1,"488":1,"511":1,"512":1,"513":1,"520":1,"524":0,"525":0,"526":0,"527":0,"528":0,"529":0,"532":0,"534":0,"535":0,"538":0,"539":0,"540":0,"545":0,"551":1,"552":0,"554":0,"555":0,"556":0,"560":0,"568":1,"569":0,"570":0,"573":0,"574":0,"577":0,"585":1,"586":0,"587":0,"590":0,"591":0,"594":0,"597":1,"598":0,"599":0,"600":0,"602":0,"606":0,"607":0,"608":0,"609":0,"610":0,"614":0,"615":0,"616":0,"623":1,"624":0,"625":0,"626":0,"628":0,"629":0,"632":0,"633":0,"643":1,"644":0,"645":0,"647":0,"648":0,"651":0,"652":0,"653":0,"654":0,"655":0,"656":0,"657":0,"658":0,"660":0,"661":0,"664":0,"665":0,"670":0,"671":0,"681":1,"682":0,"683":0,"685":0,"686":0,"688":0,"691":0,"692":0,"694":0,"697":0,"699":0,"700":0,"702":0,"703":0,"704":0,"707":0,"710":0,"712":0,"713":0,"714":0,"716":0,"720":0,"721":0,"722":0,"723":0,"724":0,"725":0,"726":0,"727":0,"729":0,"730":0,"733":0,"734":0,"739":0,"740":0,"750":1,"751":0,"752":0,"754":0,"755":0,"757":0,"760":0,"761":0,"763":0,"766":0,"768":0,"769":0,"770":0,"772":0,"776":0,"777":0,"778":0,"779":0,"780":0,"781":0,"782":0,"783":0,"785":0,"786":0,"789":0,"790":0,"795":0,"796":0,"810":1,"811":0,"818":1,"819":0,"821":1,"823":1,"835":1,"836":1,"837":1,"838":1,"839":0,"840":0,"841":0,"842":0,"844":0,"845":0,"846":0,"851":0,"852":0,"853":0,"854":0,"856":0,"857":0,"861":0,"862":0,"867":0,"869":1,"870":0,"872":0,"873":0,"875":0,"878":0,"879":0,"882":0,"884":0,"885":0,"888":0,"895":1,"896":0,"904":1,"905":0,"907":0,"910":0,"913":1,"914":0,"915":0,"917":0,"918":0,"920":0,"923":0,"924":0,"925":0,"926":0,"929":0,"931":0,"932":0,"933":0,"936":0,"937":0,"947":1,"948":0,"951":1,"952":0,"953":0,"955":0,"956":0,"959":0,"960":0,"969":1,"970":0,"977":1,"978":0,"979":0,"980":0,"983":0,"985":1,"987":1,"989":1}}}